Сборка начата 03.10.2024 17:42:18.
Уровень детализации журнала: Normal.     1>Проект "C:\Users\Manmade\Desktop\3_Sem\KPO_3sem\Code\lab_17\lab_17\lab_17.vcxproj" в узле 2 (целевые объекты Build).
     1>PrepareForBuild:
         Структурированный вывод включен. Форматирование диагностики компилятора будет отражать иерархию ошибок. Подробнее см. https://aka.ms/cpp/structured-output.
       InitializeBuildStatus:
         Создание "Debug\lab_17.tlog\unsuccessfulbuild", так как было задано "AlwaysCreate".
         Обращение к "Debug\lab_17.tlog\unsuccessfulbuild".
       ClCompile:
         C:\Program Files\Microsoft Visual Studio\2022\Community\VC\Tools\MSVC\14.41.34120\bin\HostX86\x86\CL.exe /c /ZI /JMC /nologo /W3 /WX- /diagnostics:column /sdl /Od /Oy- /D WIN32 /D _DEBUG /D _CONSOLE /D _UNICODE /D UNICODE /Gm- /EHsc /RTC1 /MDd /GS /fp:precise /Zc:wchar_t /Zc:forScope /Zc:inline /permissive- /Fo"Debug\\" /Fd"Debug\vc143.pdb" /external:W3 /Gd /TP /analyze- /FC /errorReport:prompt In.cpp
         In.cpp
     1>C:\Users\Manmade\Desktop\3_Sem\KPO_3sem\Code\lab_17\lab_17\In.h(29,10): warning C4067: непредвиденные лексемы за директивой препроцессора, требуется newline
         (компиляция исходного файла "In.cpp")
         
     1>C:\Users\Manmade\Desktop\3_Sem\KPO_3sem\Code\lab_17\lab_17\In.cpp(39,9): warning C4101: next: неиспользованная локальная переменная
       Link:
         C:\Program Files\Microsoft Visual Studio\2022\Community\VC\Tools\MSVC\14.41.34120\bin\HostX86\x86\link.exe /ERRORREPORT:PROMPT /OUT:"C:\Users\Manmade\Desktop\3_Sem\KPO_3sem\Code\lab_17\Debug\lab_17.exe" /INCREMENTAL /ILK:"Debug\lab_17.ilk" /NOLOGO kernel32.lib user32.lib gdi32.lib winspool.lib comdlg32.lib advapi32.lib shell32.lib ole32.lib oleaut32.lib uuid.lib odbc32.lib odbccp32.lib /MANIFEST /MANIFESTUAC:"level='asInvoker' uiAccess='false'" /manifest:embed /DEBUG /PDB:"C:\Users\Manmade\Desktop\3_Sem\KPO_3sem\Code\lab_17\Debug\lab_17.pdb" /SUBSYSTEM:CONSOLE /TLBID:1 /DYNAMICBASE /NXCOMPAT /IMPLIB:"C:\Users\Manmade\Desktop\3_Sem\KPO_3sem\Code\lab_17\Debug\lab_17.lib" /MACHINE:X86 Debug\Error.obj
         Debug\In.obj
         Debug\lab_17.obj
         Debug\Log.obj
         Debug\Out.obj
         Debug\Parm.obj
         lab_17.vcxproj -> C:\Users\Manmade\Desktop\3_Sem\KPO_3sem\Code\lab_17\Debug\lab_17.exe
       FinalizeBuildStatus:
         Файл "Debug\lab_17.tlog\unsuccessfulbuild" удаляется.
         Обращение к "Debug\lab_17.tlog\lab_17.lastbuildstate".
     1>Сборка проекта "C:\Users\Manmade\Desktop\3_Sem\KPO_3sem\Code\lab_17\lab_17\lab_17.vcxproj" завершена (целевые объекты Build).

Сборка успешно завершена.

       "C:\Users\Manmade\Desktop\3_Sem\KPO_3sem\Code\lab_17\lab_17\lab_17.vcxproj" (целевой объект Build ) (1) ->
       (Целевой объект ClCompile) -> 
         C:\Users\Manmade\Desktop\3_Sem\KPO_3sem\Code\lab_17\lab_17\In.h(29,10): warning C4067: непредвиденные лексемы за директивой препроцессора, требуется newline
         C:\Users\Manmade\Desktop\3_Sem\KPO_3sem\Code\lab_17\lab_17\In.cpp(39,9): warning C4101: next: неиспользованная локальная переменная

    Предупреждений: 2
    Ошибок: 0

Прошло времени 00:00:01.30
