Сборка начата 12.12.2024 17:24:13.
Уровень детализации журнала: Normal.     1>Проект "C:\Users\Manmade\Desktop\3_Sem\KPO_3sem\Code\lab4_asm\lab4_asm\lab4_asm\lab4_asm.vcxproj" в узле 2 (целевые объекты Build).
     1>PrepareForBuild:
         Структурированный вывод включен. Форматирование диагностики компилятора будет отражать иерархию ошибок. Подробнее см. https://aka.ms/cpp/structured-output.
       InitializeBuildStatus:
         Создание "x64\Debug\lab4_asm.tlog\unsuccessfulbuild", так как было задано "AlwaysCreate".
         Обращение к "x64\Debug\lab4_asm.tlog\unsuccessfulbuild".
       ClCompile:
         Для всех выходных данных обновления не требуется.
       Link:
         Для всех выходных данных обновления не требуется.
         lab4_asm.vcxproj -> C:\Users\Manmade\Desktop\3_Sem\KPO_3sem\Code\lab4_asm\lab4_asm\x64\Debug\lab4_asm.exe
       FinalizeBuildStatus:
         Файл "x64\Debug\lab4_asm.tlog\unsuccessfulbuild" удаляется.
         Обращение к "x64\Debug\lab4_asm.tlog\lab4_asm.lastbuildstate".
     1>Сборка проекта "C:\Users\Manmade\Desktop\3_Sem\KPO_3sem\Code\lab4_asm\lab4_asm\lab4_asm\lab4_asm.vcxproj" завершена (целевые объекты Build).

Сборка успешно завершена.
    Предупреждений: 0
    Ошибок: 0

Прошло времени 00:00:00.08
