Сборка начата 28.11.2024 17:50:24.
Уровень детализации журнала: Normal.     1>Проект "C:\Users\Manmade\Desktop\3_Sem\KPO_3sem\Code\lab1_asm\lab1_asm\lab1_asm.vcxproj" в узле 2 (целевые объекты Build).
     1>PrepareForBuild:
         Структурированный вывод включен. Форматирование диагностики компилятора будет отражать иерархию ошибок. Подробнее см. https://aka.ms/cpp/structured-output.
         Создание каталога "C:\Users\Manmade\Desktop\3_Sem\KPO_3sem\Code\lab1_asm\x64\Debug\".
         Создание каталога "x64\Debug\lab1_asm.tlog\".
       InitializeBuildStatus:
         Создание "x64\Debug\lab1_asm.tlog\unsuccessfulbuild", так как было задано "AlwaysCreate".
         Обращение к "x64\Debug\lab1_asm.tlog\unsuccessfulbuild".
       _MASM:
         Assembling Program.asm...
         cmd.exe /C "C:\Users\Manmade\AppData\Local\Temp\tmp626d1b0682bf449abef452dc150ea709.cmd"
         ml64.exe /c /nologo /Zi /Fo"x64\Debug\Program.obj" /Fl"x64\Debug\\" /W3 /errorReport:prompt  /TaProgram.asm
     1>Program.asm(1): error A2008: syntax error : .
     1>Program.asm(2): error A2008: syntax error : .
     1>Program.asm(8): error A2008: syntax error : .
     1>Program.asm(16): error A2008: syntax error : HW
     1>Program.asm(23): error A2070: invalid instruction operands
     1>Program.asm(32): error A2008: syntax error : main
     1>Program.asm(32): error A2088: END directive required at end of file
     1>Program.asm(24): error A2006: undefined symbol : SET2
     1>Program.asm(25): error A2006: undefined symbol : HW
     1>C:\Program Files\Microsoft Visual Studio\2022\Community\MSBuild\Microsoft\VC\v170\BuildCustomizations\masm.targets(70,5): error MSB3721: выход из команды "ml64.exe /c /nologo /Zi /Fo"x64\Debug\Program.obj" /Fl"x64\Debug\\" /W3 /errorReport:prompt  /TaProgram.asm" с кодом "1".
     1>Сборка проекта "C:\Users\Manmade\Desktop\3_Sem\KPO_3sem\Code\lab1_asm\lab1_asm\lab1_asm.vcxproj" завершена (целевые объекты Build) с ошибкой.

Ошибка сборки.

       "C:\Users\Manmade\Desktop\3_Sem\KPO_3sem\Code\lab1_asm\lab1_asm\lab1_asm.vcxproj" (целевой объект Build ) (1) ->
       (Целевой объект _MASM) -> 
         Program.asm(1): error A2008: syntax error : .
         Program.asm(2): error A2008: syntax error : .
         Program.asm(8): error A2008: syntax error : .
         Program.asm(16): error A2008: syntax error : HW
         Program.asm(23): error A2070: invalid instruction operands
         Program.asm(32): error A2008: syntax error : main
         Program.asm(32): error A2088: END directive required at end of file
         Program.asm(24): error A2006: undefined symbol : SET2
         Program.asm(25): error A2006: undefined symbol : HW
         C:\Program Files\Microsoft Visual Studio\2022\Community\MSBuild\Microsoft\VC\v170\BuildCustomizations\masm.targets(70,5): error MSB3721: выход из команды "ml64.exe /c /nologo /Zi /Fo"x64\Debug\Program.obj" /Fl"x64\Debug\\" /W3 /errorReport:prompt  /TaProgram.asm" с кодом "1".

    Предупреждений: 0
    Ошибок: 10

Прошло времени 00:00:00.75
