Сборка начата 27.12.2024 18:06:03.
Уровень детализации журнала: Normal.     1>Проект "C:\Users\Manmade\Desktop\3_Sem\ASD_3sem\Code\lab_11\lab_11\lab_11.vcxproj" в узле 2 (целевые объекты Build).
     1>PrepareForBuild:
         Структурированный вывод включен. Форматирование диагностики компилятора будет отражать иерархию ошибок. Подробнее см. https://aka.ms/cpp/structured-output.
       InitializeBuildStatus:
         Создание "x64\Debug\lab_11.tlog\unsuccessfulbuild", так как было задано "AlwaysCreate".
         Обращение к "x64\Debug\lab_11.tlog\unsuccessfulbuild".
       ClCompile:
         C:\Program Files\Microsoft Visual Studio\2022\Community\VC\Tools\MSVC\14.41.34120\bin\HostX64\x64\CL.exe /c /ZI /JMC /nologo /W3 /WX- /diagnostics:column /sdl /Od /D _DEBUG /D _CONSOLE /D _UNICODE /D UNICODE /Gm- /EHsc /RTC1 /MDd /GS /fp:precise /Zc:wchar_t /Zc:forScope /Zc:inline /permissive- /Fo"x64\Debug\\" /Fd"x64\Debug\vc143.pdb" /external:W3 /Gd /TP /FC /errorReport:prompt lab_11.cpp
         lab_11.cpp
       Link:
         C:\Program Files\Microsoft Visual Studio\2022\Community\VC\Tools\MSVC\14.41.34120\bin\HostX64\x64\link.exe /ERRORREPORT:PROMPT /OUT:"C:\Users\Manmade\Desktop\3_Sem\ASD_3sem\Code\lab_11\x64\Debug\lab_11.exe" /INCREMENTAL /ILK:"x64\Debug\lab_11.ilk" /NOLOGO kernel32.lib user32.lib gdi32.lib winspool.lib comdlg32.lib advapi32.lib shell32.lib ole32.lib oleaut32.lib uuid.lib odbc32.lib odbccp32.lib /MANIFEST /MANIFESTUAC:"level='asInvoker' uiAccess='false'" /manifest:embed /DEBUG /PDB:"C:\Users\Manmade\Desktop\3_Sem\ASD_3sem\Code\lab_11\x64\Debug\lab_11.pdb" /SUBSYSTEM:CONSOLE /TLBID:1 /DYNAMICBASE /NXCOMPAT /IMPLIB:"C:\Users\Manmade\Desktop\3_Sem\ASD_3sem\Code\lab_11\x64\Debug\lab_11.lib" /MACHINE:X64 x64\Debug\lab_11.obj
         lab_11.vcxproj -> C:\Users\Manmade\Desktop\3_Sem\ASD_3sem\Code\lab_11\x64\Debug\lab_11.exe
       FinalizeBuildStatus:
         Файл "x64\Debug\lab_11.tlog\unsuccessfulbuild" удаляется.
         Обращение к "x64\Debug\lab_11.tlog\lab_11.lastbuildstate".
     1>Сборка проекта "C:\Users\Manmade\Desktop\3_Sem\ASD_3sem\Code\lab_11\lab_11\lab_11.vcxproj" завершена (целевые объекты Build).

Сборка успешно завершена.
    Предупреждений: 0
    Ошибок: 0

Прошло времени 00:00:00.84
