c:\users\manmade\desktop\3_sem\kpo_3sem\code\lab_17.2+18\lab_17.2\debug\vc143.pdb
c:\users\manmade\desktop\3_sem\kpo_3sem\code\lab_17.2+18\lab_17.2\debug\vc143.idb
c:\users\manmade\desktop\3_sem\kpo_3sem\code\lab_17.2+18\lab_17.2\debug\lab_17.2.obj
c:\users\manmade\desktop\3_sem\kpo_3sem\code\lab_17.2+18\lab_17.2\debug\parm.obj
c:\users\manmade\desktop\3_sem\kpo_3sem\code\lab_17.2+18\lab_17.2\debug\out.obj
c:\users\manmade\desktop\3_sem\kpo_3sem\code\lab_17.2+18\lab_17.2\debug\log.obj
c:\users\manmade\desktop\3_sem\kpo_3sem\code\lab_17.2+18\lab_17.2\debug\lt.obj
c:\users\manmade\desktop\3_sem\kpo_3sem\code\lab_17.2+18\lab_17.2\debug\in.obj
c:\users\manmade\desktop\3_sem\kpo_3sem\code\lab_17.2+18\lab_17.2\debug\it.obj
c:\users\manmade\desktop\3_sem\kpo_3sem\code\lab_17.2+18\lab_17.2\debug\fst.obj
c:\users\manmade\desktop\3_sem\kpo_3sem\code\lab_17.2+18\lab_17.2\debug\error.obj
c:\users\manmade\desktop\3_sem\kpo_3sem\code\lab_17.2+18\lab_17.2\debug\grb.obj
c:\users\manmade\desktop\3_sem\kpo_3sem\code\lab_17.2+18\lab_17.2\debug\mfst.obj
c:\users\manmade\desktop\3_sem\kpo_3sem\code\lab_17.2+18\debug\lab_17.2.pdb
c:\users\manmade\desktop\3_sem\kpo_3sem\code\lab_17.2+18\lab_17.2\debug\lab_17.2.tlog\cl.command.1.tlog
c:\users\manmade\desktop\3_sem\kpo_3sem\code\lab_17.2+18\lab_17.2\debug\lab_17.2.tlog\cl.read.1.tlog
c:\users\manmade\desktop\3_sem\kpo_3sem\code\lab_17.2+18\lab_17.2\debug\lab_17.2.tlog\cl.write.1.tlog
c:\users\manmade\desktop\3_sem\kpo_3sem\code\lab_17.2+18\lab_17.2\debug\lab_17.2.tlog\link-cvtres.read.1.tlog
c:\users\manmade\desktop\3_sem\kpo_3sem\code\lab_17.2+18\lab_17.2\debug\lab_17.2.tlog\link-cvtres.write.1.tlog
c:\users\manmade\desktop\3_sem\kpo_3sem\code\lab_17.2+18\lab_17.2\debug\lab_17.2.tlog\link-rc.read.1.tlog
c:\users\manmade\desktop\3_sem\kpo_3sem\code\lab_17.2+18\lab_17.2\debug\lab_17.2.tlog\link-rc.write.1.tlog
c:\users\manmade\desktop\3_sem\kpo_3sem\code\lab_17.2+18\lab_17.2\debug\lab_17.2.tlog\link.command.1.tlog
c:\users\manmade\desktop\3_sem\kpo_3sem\code\lab_17.2+18\lab_17.2\debug\lab_17.2.tlog\link.read.1.tlog
c:\users\manmade\desktop\3_sem\kpo_3sem\code\lab_17.2+18\lab_17.2\debug\lab_17.2.tlog\link.write.1.tlog
