Сборка начата 26.09.2024 21:46:13.
Уровень детализации журнала: Normal.     1>Проект "C:\Users\Manmade\Desktop\3_Sem\ASD_3sem\Code\lab_4\lab_4\lab_4.vcxproj" в узле 2 (целевые объекты Build).
     1>PrepareForBuild:
         Структурированный вывод включен. Форматирование диагностики компилятора будет отражать иерархию ошибок. Подробнее см. https://aka.ms/cpp/structured-output.
       InitializeBuildStatus:
         Создание "Debug\lab_4.tlog\unsuccessfulbuild", так как было задано "AlwaysCreate".
         Обращение к "Debug\lab_4.tlog\unsuccessfulbuild".
       ClCompile:
         C:\Program Files\Microsoft Visual Studio\2022\Community\VC\Tools\MSVC\14.41.34120\bin\HostX86\x86\CL.exe /c /ZI /JMC /nologo /W3 /WX- /diagnostics:column /sdl /Od /Oy- /D WIN32 /D _DEBUG /D _CONSOLE /D _UNICODE /D UNICODE /Gm- /EHsc /RTC1 /MDd /GS /fp:precise /Zc:wchar_t /Zc:forScope /Zc:inline /permissive- /Fo"Debug\\" /Fd"Debug\vc143.pdb" /external:W3 /Gd /TP /analyze- /FC /errorReport:prompt lab_4.cpp
         lab_4.cpp
     1>C:\Users\Manmade\Desktop\3_Sem\ASD_3sem\Code\lab_4\lab_4\lab_4.cpp(72,6): warning C4326: возвращаемый тип "main" должен быть "int", а не "void"
       Link:
         C:\Program Files\Microsoft Visual Studio\2022\Community\VC\Tools\MSVC\14.41.34120\bin\HostX86\x86\link.exe /ERRORREPORT:PROMPT /OUT:"C:\Users\Manmade\Desktop\3_Sem\ASD_3sem\Code\lab_4\Debug\lab_4.exe" /INCREMENTAL /ILK:"Debug\lab_4.ilk" /NOLOGO kernel32.lib user32.lib gdi32.lib winspool.lib comdlg32.lib advapi32.lib shell32.lib ole32.lib oleaut32.lib uuid.lib odbc32.lib odbccp32.lib /MANIFEST /MANIFESTUAC:"level='asInvoker' uiAccess='false'" /manifest:embed /DEBUG /PDB:"C:\Users\Manmade\Desktop\3_Sem\ASD_3sem\Code\lab_4\Debug\lab_4.pdb" /SUBSYSTEM:CONSOLE /TLBID:1 /DYNAMICBASE /NXCOMPAT /IMPLIB:"C:\Users\Manmade\Desktop\3_Sem\ASD_3sem\Code\lab_4\Debug\lab_4.lib" /MACHINE:X86 Debug\lab_4.obj
         lab_4.vcxproj -> C:\Users\Manmade\Desktop\3_Sem\ASD_3sem\Code\lab_4\Debug\lab_4.exe
       FinalizeBuildStatus:
         Файл "Debug\lab_4.tlog\unsuccessfulbuild" удаляется.
         Обращение к "Debug\lab_4.tlog\lab_4.lastbuildstate".
     1>Сборка проекта "C:\Users\Manmade\Desktop\3_Sem\ASD_3sem\Code\lab_4\lab_4\lab_4.vcxproj" завершена (целевые объекты Build).

Сборка успешно завершена.

       "C:\Users\Manmade\Desktop\3_Sem\ASD_3sem\Code\lab_4\lab_4\lab_4.vcxproj" (целевой объект Build ) (1) ->
       (Целевой объект ClCompile) -> 
         C:\Users\Manmade\Desktop\3_Sem\ASD_3sem\Code\lab_4\lab_4\lab_4.cpp(72,6): warning C4326: возвращаемый тип "main" должен быть "int", а не "void"

    Предупреждений: 1
    Ошибок: 0

Прошло времени 00:00:00.88
