Сборка начата 04.12.2024 15:20:41.
Уровень детализации журнала: Normal.     1>Проект "C:\Users\Manmade\Desktop\3_Sem\KPO_3sem\Code\lab2_asm\lab2_asm\lab2_asm.vcxproj" в узле 2 (целевые объекты Build).
     1>PrepareForBuild:
         Структурированный вывод включен. Форматирование диагностики компилятора будет отражать иерархию ошибок. Подробнее см. https://aka.ms/cpp/structured-output.
       InitializeBuildStatus:
         Обращение к "x64\Debug\lab2_asm.tlog\unsuccessfulbuild".
       _MASM:
         Assembling lab2.asm...
         cmd.exe /C "C:\Users\Manmade\AppData\Local\Temp\tmpb0a4dc847a914cedaaa4e196795e7f60.cmd"
         ml64.exe /c /nologo /Zi /Fo"x64\Debug\lab2.obj" /Fl"x64\Debug\\" /W3 /errorReport:prompt  /Talab2.asm
     1>lab2.asm(1): error A2008: syntax error : .
     1>lab2.asm(2): error A2008: syntax error : .
     1>lab2.asm(7): error A2008: syntax error : .
     1>lab2.asm(28): error A2008: syntax error : MessageBoxA
     1>lab2.asm(33): error A2008: syntax error : main
     1>lab2.asm(33): error A2088: END directive required at end of file
     1>C:\Program Files\Microsoft Visual Studio\2022\Community\MSBuild\Microsoft\VC\v170\BuildCustomizations\masm.targets(70,5): error MSB3721: выход из команды "ml64.exe /c /nologo /Zi /Fo"x64\Debug\lab2.obj" /Fl"x64\Debug\\" /W3 /errorReport:prompt  /Talab2.asm" с кодом "1".
     1>Сборка проекта "C:\Users\Manmade\Desktop\3_Sem\KPO_3sem\Code\lab2_asm\lab2_asm\lab2_asm.vcxproj" завершена (целевые объекты Build) с ошибкой.

Ошибка сборки.

       "C:\Users\Manmade\Desktop\3_Sem\KPO_3sem\Code\lab2_asm\lab2_asm\lab2_asm.vcxproj" (целевой объект Build ) (1) ->
       (Целевой объект _MASM) -> 
         lab2.asm(1): error A2008: syntax error : .
         lab2.asm(2): error A2008: syntax error : .
         lab2.asm(7): error A2008: syntax error : .
         lab2.asm(28): error A2008: syntax error : MessageBoxA
         lab2.asm(33): error A2008: syntax error : main
         lab2.asm(33): error A2088: END directive required at end of file
         C:\Program Files\Microsoft Visual Studio\2022\Community\MSBuild\Microsoft\VC\v170\BuildCustomizations\masm.targets(70,5): error MSB3721: выход из команды "ml64.exe /c /nologo /Zi /Fo"x64\Debug\lab2.obj" /Fl"x64\Debug\\" /W3 /errorReport:prompt  /Talab2.asm" с кодом "1".

    Предупреждений: 0
    Ошибок: 7

Прошло времени 00:00:00.13
