Сборка начата 04.12.2024 21:03:52.
Уровень детализации журнала: Normal.     1>Проект "C:\Users\Manmade\Desktop\3_Sem\KPO_3sem\Code\lab4_asm\lab4_asm\lab4_asm.vcxproj" в узле 2 (целевые объекты Build).
     1>PrepareForBuild:
         Структурированный вывод включен. Форматирование диагностики компилятора будет отражать иерархию ошибок. Подробнее см. https://aka.ms/cpp/structured-output.
         Создание каталога "C:\Users\Manmade\Desktop\3_Sem\KPO_3sem\Code\lab4_asm\Debug\".
         Создание каталога "Debug\lab4_asm.tlog\".
       InitializeBuildStatus:
         Создание "Debug\lab4_asm.tlog\unsuccessfulbuild", так как было задано "AlwaysCreate".
         Обращение к "Debug\lab4_asm.tlog\unsuccessfulbuild".
       _MASM:
         Assembling lab4.asm...
         cmd.exe /C "C:\Users\Manmade\AppData\Local\Temp\tmpdd25b2d017ce4a22bd89ca88536dc8bb.cmd"
         ml.exe /c /nologo /Zi /Fo"Debug\lab4.obj" /W3 /errorReport:prompt  /Talab4.asm
       Link:
         C:\Program Files\Microsoft Visual Studio\2022\Community\VC\Tools\MSVC\14.41.34120\bin\HostX86\x86\link.exe /ERRORREPORT:PROMPT /OUT:"C:\Users\Manmade\Desktop\3_Sem\KPO_3sem\Code\lab4_asm\Debug\lab4_asm.exe" /INCREMENTAL /ILK:"Debug\lab4_asm.ilk" /NOLOGO kernel32.lib user32.lib gdi32.lib winspool.lib comdlg32.lib advapi32.lib shell32.lib ole32.lib oleaut32.lib uuid.lib odbc32.lib odbccp32.lib /MANIFEST /MANIFESTUAC:"level='asInvoker' uiAccess='false'" /manifest:embed /DEBUG /PDB:"C:\Users\Manmade\Desktop\3_Sem\KPO_3sem\Code\lab4_asm\Debug\lab4_asm.pdb" /SUBSYSTEM:CONSOLE /TLBID:1 /DYNAMICBASE /NXCOMPAT /IMPLIB:"C:\Users\Manmade\Desktop\3_Sem\KPO_3sem\Code\lab4_asm\Debug\lab4_asm.lib" /MACHINE:X86 Debug\lab4.obj
         lab4_asm.vcxproj -> C:\Users\Manmade\Desktop\3_Sem\KPO_3sem\Code\lab4_asm\Debug\lab4_asm.exe
       FinalizeBuildStatus:
         Файл "Debug\lab4_asm.tlog\unsuccessfulbuild" удаляется.
         Обращение к "Debug\lab4_asm.tlog\lab4_asm.lastbuildstate".
     1>Сборка проекта "C:\Users\Manmade\Desktop\3_Sem\KPO_3sem\Code\lab4_asm\lab4_asm\lab4_asm.vcxproj" завершена (целевые объекты Build).

Сборка успешно завершена.
    Предупреждений: 0
    Ошибок: 0

Прошло времени 00:00:02.04
