Test:  without errors 

Test:  without errors 
---------- Protocol ---------- Date: 31.10.2024 15:27:35
----------Parametres----------
-in: In.txt
-out: In.txt.out
-log: In.txt.log
----------Entered info----------
integer function fi(integer x, integer y)|{||||||declare integer z;|z= x * (x+y);|return z;|};|string function fs ( string a, string b)|{|declare string n;|declare string function substr(string a, integer p,|integer n);|c = substr(a, 1,3)+ b;|return c;|};|main|{|declare integer x;|declare integer y;|declare integer z;|declare string sa;|declare string sb;|declare string sc;|declare integer function strlen(string p);|x = 1;|y = 5;|sa = '1234567890';|sb = '1234567890';|z = fi(x,y);|sc = fs(sa,sb);|||print 'controll example';||||print z;|4|print sc;|print strlen(sc);|return 0;|};;
Total amount of symbols: 584
Total amount of ignored symbols: 5
Total amount of lines: 46
integer
function
fi
(
integer
x
,

integer
y
)

|

{

|

|

|

|

|

|
declare
integer
z
;

|
z
=

x

*


(
x
+
y
)

;

|
return
z
;

|

}

;

|
string
function
fs

(

string
a
,

string
b
)

|

{

|
declare
string
n
;

|
declare
string
function
substr
(
string
a
,

integer
p
,

|
integer
n
)

;

|
c

=

substr
(
a
,

1
,
3
)

+

b
;

|
return
c
;

|

}

;

|
main
|

{

|
declare
integer
x
;

|
declare
integer
y
;

|
declare
integer
z
;

|
declare
string
sa
;

|
declare
string
sb
;

|
declare
string
sc
;

|
declare
integer
function
strlen
(
string
p
)

;

|
x

=

1
;

|
y

=

5
;

|
sa

=

'1234567890'

;

|
sb

=

'1234567890'

;

|
z

=

fi
(
x
,
y
)

;

|
sc

=

fs
(
sa
,
sb
)

;

|

|

|
print
'controll example'

;

|

|

|

|
print
z
;

|
4
|
print
sc
;

|
print
strlen
(
sc
)

;

|
return
0
;

|

}

;

;
