Сборка начата 25.09.2024 19:17:44.
Уровень детализации журнала: Normal.     1>Проект "C:\Users\Manmade\Desktop\3_Sem\KPO_3sem\Code\lab_16\lab_16\lab_16.vcxproj" в узле 2 (целевые объекты Build).
     1>PrepareForBuild:
         Структурированный вывод включен. Форматирование диагностики компилятора будет отражать иерархию ошибок. Подробнее см. https://aka.ms/cpp/structured-output.
       InitializeBuildStatus:
         Создание "Debug\lab_16.tlog\unsuccessfulbuild", так как было задано "AlwaysCreate".
         Обращение к "Debug\lab_16.tlog\unsuccessfulbuild".
       ClCompile:
         C:\Program Files\Microsoft Visual Studio\2022\Community\VC\Tools\MSVC\14.41.34120\bin\HostX86\x86\CL.exe /c /ZI /JMC /nologo /W3 /WX- /diagnostics:column /sdl /Od /Oy- /D WIN32 /D _DEBUG /D _CONSOLE /D _UNICODE /D UNICODE /Gm- /EHsc /RTC1 /MDd /GS /fp:precise /Zc:wchar_t /Zc:forScope /Zc:inline /permissive- /Fo"Debug\\" /Fd"Debug\vc143.pdb" /external:W3 /Gd /TP /analyze- /FC /errorReport:prompt lab_16.cpp
         lab_16.cpp
     1>C:\Users\Manmade\Desktop\3_Sem\KPO_3sem\Code\lab_16\lab_16\lab_16.cpp(3,6): warning C4326: возвращаемый тип "main" должен быть "int", а не "void"
     1>C:\Users\Manmade\Desktop\3_Sem\KPO_3sem\Code\lab_16\lab_16\lab_16.cpp(7,7): warning C4101: stringT: неиспользованная локальная переменная
       Link:
         C:\Program Files\Microsoft Visual Studio\2022\Community\VC\Tools\MSVC\14.41.34120\bin\HostX86\x86\link.exe /ERRORREPORT:PROMPT /OUT:"C:\Users\Manmade\Desktop\3_Sem\KPO_3sem\Code\lab_16\Debug\lab_16.exe" /INCREMENTAL /ILK:"Debug\lab_16.ilk" /NOLOGO kernel32.lib user32.lib gdi32.lib winspool.lib comdlg32.lib advapi32.lib shell32.lib ole32.lib oleaut32.lib uuid.lib odbc32.lib odbccp32.lib /MANIFEST /MANIFESTUAC:"level='asInvoker' uiAccess='false'" /manifest:embed /DEBUG /PDB:"C:\Users\Manmade\Desktop\3_Sem\KPO_3sem\Code\lab_16\Debug\lab_16.pdb" /SUBSYSTEM:CONSOLE /TLBID:1 /DYNAMICBASE /NXCOMPAT /IMPLIB:"C:\Users\Manmade\Desktop\3_Sem\KPO_3sem\Code\lab_16\Debug\lab_16.lib" /MACHINE:X86 Debug\FST.obj
         Debug\lab_16.obj
         lab_16.vcxproj -> C:\Users\Manmade\Desktop\3_Sem\KPO_3sem\Code\lab_16\Debug\lab_16.exe
       FinalizeBuildStatus:
         Файл "Debug\lab_16.tlog\unsuccessfulbuild" удаляется.
         Обращение к "Debug\lab_16.tlog\lab_16.lastbuildstate".
     1>Сборка проекта "C:\Users\Manmade\Desktop\3_Sem\KPO_3sem\Code\lab_16\lab_16\lab_16.vcxproj" завершена (целевые объекты Build).

Сборка успешно завершена.

       "C:\Users\Manmade\Desktop\3_Sem\KPO_3sem\Code\lab_16\lab_16\lab_16.vcxproj" (целевой объект Build ) (1) ->
       (Целевой объект ClCompile) -> 
         C:\Users\Manmade\Desktop\3_Sem\KPO_3sem\Code\lab_16\lab_16\lab_16.cpp(3,6): warning C4326: возвращаемый тип "main" должен быть "int", а не "void"
         C:\Users\Manmade\Desktop\3_Sem\KPO_3sem\Code\lab_16\lab_16\lab_16.cpp(7,7): warning C4101: stringT: неиспользованная локальная переменная

    Предупреждений: 2
    Ошибок: 0

Прошло времени 00:00:00.80
