Сборка начата 28.11.2024 21:02:24.
Уровень детализации журнала: Normal.     1>Проект "C:\Users\Manmade\Desktop\3_Sem\KPO_3sem\Code\lab1_asm\lab1_asm\lab1_asm.vcxproj" в узле 2 (целевые объекты Build).
     1>PrepareForBuild:
         Структурированный вывод включен. Форматирование диагностики компилятора будет отражать иерархию ошибок. Подробнее см. https://aka.ms/cpp/structured-output.
       InitializeBuildStatus:
         Создание "Debug\lab1_asm.tlog\unsuccessfulbuild", так как было задано "AlwaysCreate".
         Обращение к "Debug\lab1_asm.tlog\unsuccessfulbuild".
       _MASM:
         Assembling Program.asm...
         cmd.exe /C "C:\Users\Manmade\AppData\Local\Temp\tmp4a67c24f122c4235af4b81d98030535b.cmd"
         ml.exe /c /nologo /Zi /Fo"Debug\Program.obj" /W3 /errorReport:prompt  /TaProgram.asm
       Link:
         C:\Program Files\Microsoft Visual Studio\2022\Community\VC\Tools\MSVC\14.41.34120\bin\HostX86\x86\link.exe /ERRORREPORT:PROMPT /OUT:"C:\Users\Manmade\Desktop\3_Sem\KPO_3sem\Code\lab1_asm\Debug\lab1_asm.exe" /INCREMENTAL /ILK:"Debug\lab1_asm.ilk" /NOLOGO kernel32.lib user32.lib gdi32.lib winspool.lib comdlg32.lib advapi32.lib shell32.lib ole32.lib oleaut32.lib uuid.lib odbc32.lib odbccp32.lib /MANIFEST /MANIFESTUAC:"level='asInvoker' uiAccess='false'" /manifest:embed /DEBUG /PDB:"C:\Users\Manmade\Desktop\3_Sem\KPO_3sem\Code\lab1_asm\Debug\lab1_asm.pdb" /SUBSYSTEM:CONSOLE /TLBID:1 /DYNAMICBASE /NXCOMPAT /IMPLIB:"C:\Users\Manmade\Desktop\3_Sem\KPO_3sem\Code\lab1_asm\Debug\lab1_asm.lib" /MACHINE:X86 Debug\Program.obj
         lab1_asm.vcxproj -> C:\Users\Manmade\Desktop\3_Sem\KPO_3sem\Code\lab1_asm\Debug\lab1_asm.exe
       FinalizeBuildStatus:
         Файл "Debug\lab1_asm.tlog\unsuccessfulbuild" удаляется.
         Обращение к "Debug\lab1_asm.tlog\lab1_asm.lastbuildstate".
     1>Сборка проекта "C:\Users\Manmade\Desktop\3_Sem\KPO_3sem\Code\lab1_asm\lab1_asm\lab1_asm.vcxproj" завершена (целевые объекты Build).

Сборка успешно завершена.
    Предупреждений: 0
    Ошибок: 0

Прошло времени 00:00:01.75
