Сборка начата 06.12.2024 18:32:15.
Уровень детализации журнала: Normal.     1>Проект "C:\Users\Manmade\Desktop\3_Sem\ASD_3sem\Code\lab_9\lab_9\lab_9.vcxproj" в узле 2 (целевые объекты Build).
     1>PrepareForBuild:
         Структурированный вывод включен. Форматирование диагностики компилятора будет отражать иерархию ошибок. Подробнее см. https://aka.ms/cpp/structured-output.
       InitializeBuildStatus:
         Создание "x64\Debug\lab_9.tlog\unsuccessfulbuild", так как было задано "AlwaysCreate".
         Обращение к "x64\Debug\lab_9.tlog\unsuccessfulbuild".
       ClCompile:
         C:\Program Files\Microsoft Visual Studio\2022\Community\VC\Tools\MSVC\14.41.34120\bin\HostX64\x64\CL.exe /c /ZI /JMC /nologo /W3 /WX- /diagnostics:column /sdl /Od /D _DEBUG /D _CONSOLE /D _UNICODE /D UNICODE /Gm- /EHsc /RTC1 /MDd /GS /fp:precise /Zc:wchar_t /Zc:forScope /Zc:inline /permissive- /Fo"x64\Debug\\" /Fd"x64\Debug\vc143.pdb" /external:W3 /Gd /TP /FC /errorReport:prompt lab_9.cpp
         lab_9.cpp
     1>C:\Users\Manmade\Desktop\3_Sem\ASD_3sem\Code\lab_9\lab_9\lab_9.cpp(36,11): warning C4267: инициализация: преобразование из "size_t" в "int"; возможна потеря данных
     1>C:\Users\Manmade\Desktop\3_Sem\ASD_3sem\Code\lab_9\lab_9\lab_9.cpp(69,6): warning C4326: возвращаемый тип "main" должен быть "int", а не "void"
     1>C:\Users\Manmade\Desktop\3_Sem\ASD_3sem\Code\lab_9\lab_9\lab_9.cpp(70,12): warning C4244: аргумент: преобразование "time_t" в "unsigned int", возможна потеря данных
       Link:
         C:\Program Files\Microsoft Visual Studio\2022\Community\VC\Tools\MSVC\14.41.34120\bin\HostX64\x64\link.exe /ERRORREPORT:PROMPT /OUT:"C:\Users\Manmade\Desktop\3_Sem\ASD_3sem\Code\lab_9\x64\Debug\lab_9.exe" /INCREMENTAL /ILK:"x64\Debug\lab_9.ilk" /NOLOGO kernel32.lib user32.lib gdi32.lib winspool.lib comdlg32.lib advapi32.lib shell32.lib ole32.lib oleaut32.lib uuid.lib odbc32.lib odbccp32.lib /MANIFEST /MANIFESTUAC:"level='asInvoker' uiAccess='false'" /manifest:embed /DEBUG /PDB:"C:\Users\Manmade\Desktop\3_Sem\ASD_3sem\Code\lab_9\x64\Debug\lab_9.pdb" /SUBSYSTEM:CONSOLE /TLBID:1 /DYNAMICBASE /NXCOMPAT /IMPLIB:"C:\Users\Manmade\Desktop\3_Sem\ASD_3sem\Code\lab_9\x64\Debug\lab_9.lib" /MACHINE:X64 x64\Debug\lab_9.obj
         lab_9.vcxproj -> C:\Users\Manmade\Desktop\3_Sem\ASD_3sem\Code\lab_9\x64\Debug\lab_9.exe
       FinalizeBuildStatus:
         Файл "x64\Debug\lab_9.tlog\unsuccessfulbuild" удаляется.
         Обращение к "x64\Debug\lab_9.tlog\lab_9.lastbuildstate".
     1>Сборка проекта "C:\Users\Manmade\Desktop\3_Sem\ASD_3sem\Code\lab_9\lab_9\lab_9.vcxproj" завершена (целевые объекты Build).

Сборка успешно завершена.

       "C:\Users\Manmade\Desktop\3_Sem\ASD_3sem\Code\lab_9\lab_9\lab_9.vcxproj" (целевой объект Build ) (1) ->
       (Целевой объект ClCompile) -> 
         C:\Users\Manmade\Desktop\3_Sem\ASD_3sem\Code\lab_9\lab_9\lab_9.cpp(36,11): warning C4267: инициализация: преобразование из "size_t" в "int"; возможна потеря данных
         C:\Users\Manmade\Desktop\3_Sem\ASD_3sem\Code\lab_9\lab_9\lab_9.cpp(69,6): warning C4326: возвращаемый тип "main" должен быть "int", а не "void"
         C:\Users\Manmade\Desktop\3_Sem\ASD_3sem\Code\lab_9\lab_9\lab_9.cpp(70,12): warning C4244: аргумент: преобразование "time_t" в "unsigned int", возможна потеря данных

    Предупреждений: 3
    Ошибок: 0

Прошло времени 00:00:01.10
