Сборка начата 18.10.2024 18:18:51.
Уровень детализации журнала: Normal.     1>Проект "C:\Users\Manmade\Desktop\3_Sem\ASD_3sem\Code\lab_5\lab_5\lab_5.vcxproj" в узле 2 (целевые объекты Build).
     1>PrepareForBuild:
         Структурированный вывод включен. Форматирование диагностики компилятора будет отражать иерархию ошибок. Подробнее см. https://aka.ms/cpp/structured-output.
       InitializeBuildStatus:
         Создание "x64\Debug\lab_5.tlog\unsuccessfulbuild", так как было задано "AlwaysCreate".
         Обращение к "x64\Debug\lab_5.tlog\unsuccessfulbuild".
       ClCompile:
         C:\Program Files\Microsoft Visual Studio\2022\Community\VC\Tools\MSVC\14.41.34120\bin\HostX64\x64\CL.exe /c /ZI /JMC /nologo /W3 /WX- /diagnostics:column /sdl /Od /D _DEBUG /D _CONSOLE /D _UNICODE /D UNICODE /Gm- /EHsc /RTC1 /MDd /GS /fp:precise /Zc:wchar_t /Zc:forScope /Zc:inline /permissive- /Fo"x64\Debug\\" /Fd"x64\Debug\vc143.pdb" /external:W3 /Gd /TP /FC /errorReport:prompt lab_5.cpp
         lab_5.cpp
     1>C:\Users\Manmade\Desktop\3_Sem\ASD_3sem\Code\lab_5\lab_5\lab_5.cpp(160,13): warning C4267: инициализация: преобразование из "size_t" в "int"; возможна потеря данных
     1>C:\Users\Manmade\Desktop\3_Sem\ASD_3sem\Code\lab_5\lab_5\lab_5.cpp(178,6): warning C4326: возвращаемый тип "main" должен быть "int", а не "void"
       Link:
         C:\Program Files\Microsoft Visual Studio\2022\Community\VC\Tools\MSVC\14.41.34120\bin\HostX64\x64\link.exe /ERRORREPORT:PROMPT /OUT:"C:\Users\Manmade\Desktop\3_Sem\ASD_3sem\Code\lab_5\x64\Debug\lab_5.exe" /INCREMENTAL /ILK:"x64\Debug\lab_5.ilk" /NOLOGO kernel32.lib user32.lib gdi32.lib winspool.lib comdlg32.lib advapi32.lib shell32.lib ole32.lib oleaut32.lib uuid.lib odbc32.lib odbccp32.lib /MANIFEST /MANIFESTUAC:"level='asInvoker' uiAccess='false'" /manifest:embed /DEBUG /PDB:"C:\Users\Manmade\Desktop\3_Sem\ASD_3sem\Code\lab_5\x64\Debug\lab_5.pdb" /SUBSYSTEM:CONSOLE /TLBID:1 /DYNAMICBASE /NXCOMPAT /IMPLIB:"C:\Users\Manmade\Desktop\3_Sem\ASD_3sem\Code\lab_5\x64\Debug\lab_5.lib" /MACHINE:X64 x64\Debug\lab_5.obj
         lab_5.vcxproj -> C:\Users\Manmade\Desktop\3_Sem\ASD_3sem\Code\lab_5\x64\Debug\lab_5.exe
       FinalizeBuildStatus:
         Файл "x64\Debug\lab_5.tlog\unsuccessfulbuild" удаляется.
         Обращение к "x64\Debug\lab_5.tlog\lab_5.lastbuildstate".
     1>Сборка проекта "C:\Users\Manmade\Desktop\3_Sem\ASD_3sem\Code\lab_5\lab_5\lab_5.vcxproj" завершена (целевые объекты Build).

Сборка успешно завершена.

       "C:\Users\Manmade\Desktop\3_Sem\ASD_3sem\Code\lab_5\lab_5\lab_5.vcxproj" (целевой объект Build ) (1) ->
       (Целевой объект ClCompile) -> 
         C:\Users\Manmade\Desktop\3_Sem\ASD_3sem\Code\lab_5\lab_5\lab_5.cpp(160,13): warning C4267: инициализация: преобразование из "size_t" в "int"; возможна потеря данных
         C:\Users\Manmade\Desktop\3_Sem\ASD_3sem\Code\lab_5\lab_5\lab_5.cpp(178,6): warning C4326: возвращаемый тип "main" должен быть "int", а не "void"

    Предупреждений: 2
    Ошибок: 0

Прошло времени 00:00:00.98
