Сборка начата 09.10.2024 19:19:24.
Уровень детализации журнала: Normal.     1>Проект "C:\Users\Manmade\Desktop\3_Sem\KPO_3sem\Code\lab_17_2\lab_17_2\lab_17_2.vcxproj" в узле 2 (целевые объекты Build).
     1>PrepareForBuild:
         Структурированный вывод включен. Форматирование диагностики компилятора будет отражать иерархию ошибок. Подробнее см. https://aka.ms/cpp/structured-output.
       InitializeBuildStatus:
         Обращение к "Debug\lab_17_2.tlog\unsuccessfulbuild".
       ClCompile:
         C:\Program Files\Microsoft Visual Studio\2022\Community\VC\Tools\MSVC\14.41.34120\bin\HostX86\x86\CL.exe /c /ZI /JMC /nologo /W3 /WX- /diagnostics:column /sdl /Od /Oy- /D WIN32 /D _DEBUG /D _CONSOLE /D _UNICODE /D UNICODE /Gm- /EHsc /RTC1 /MDd /GS /fp:precise /Zc:wchar_t /Zc:forScope /Zc:inline /permissive- /Fo"Debug\\" /Fd"Debug\vc143.pdb" /external:W3 /Gd /TP /analyze- /FC /errorReport:prompt Error.cpp In.cpp IT.cpp lab_17_2.cpp Log.cpp LT.cpp Out.cpp Parm.cpp
         Error.cpp
     1>C:\Users\Manmade\Desktop\3_Sem\KPO_3sem\Code\lab_17_2\lab_17_2\In.h(29,10): warning C4067: непредвиденные лексемы за директивой препроцессора, требуется newline
         (компиляция исходного файла "Error.cpp")
         
     1>C:\Users\Manmade\Desktop\3_Sem\KPO_3sem\Code\lab_17_2\lab_17_2\Out.h(7,11): error C2143: синтаксическая ошибка: отсутствие ";" перед "*"
         (компиляция исходного файла "Error.cpp")
         
     1>C:\Users\Manmade\Desktop\3_Sem\KPO_3sem\Code\lab_17_2\lab_17_2\Out.h(7,3): error C4430: отсутствует спецификатор типа - предполагается int. Примечание. C++ не поддерживает int по умолчанию
         (компиляция исходного файла "Error.cpp")
         
     1>C:\Users\Manmade\Desktop\3_Sem\KPO_3sem\Code\lab_17_2\lab_17_2\Out.h(7,19): error C2238: непредвиденные лексемы перед ";"
         (компиляция исходного файла "Error.cpp")
         
     1>C:\Users\Manmade\Desktop\3_Sem\KPO_3sem\Code\lab_17_2\lab_17_2\Out.h(9,33): error C2078: слишком много инициализаторов
         (компиляция исходного файла "Error.cpp")
         
     1>C:\Users\Manmade\Desktop\3_Sem\KPO_3sem\Code\lab_17_2\lab_17_2\Log.h(7,11): error C2143: синтаксическая ошибка: отсутствие ";" перед "*"
         (компиляция исходного файла "Error.cpp")
         
     1>C:\Users\Manmade\Desktop\3_Sem\KPO_3sem\Code\lab_17_2\lab_17_2\Log.h(7,3): error C4430: отсутствует спецификатор типа - предполагается int. Примечание. C++ не поддерживает int по умолчанию
         (компиляция исходного файла "Error.cpp")
         
     1>C:\Users\Manmade\Desktop\3_Sem\KPO_3sem\Code\lab_17_2\lab_17_2\Log.h(7,19): error C2238: непредвиденные лексемы перед ";"
         (компиляция исходного файла "Error.cpp")
         
     1>C:\Users\Manmade\Desktop\3_Sem\KPO_3sem\Code\lab_17_2\lab_17_2\Log.h(9,33): error C2078: слишком много инициализаторов
         (компиляция исходного файла "Error.cpp")
         
         In.cpp
     1>C:\Users\Manmade\Desktop\3_Sem\KPO_3sem\Code\lab_17_2\lab_17_2\In.h(29,10): warning C4067: непредвиденные лексемы за директивой препроцессора, требуется newline
         (компиляция исходного файла "In.cpp")
         
     1>C:\Users\Manmade\Desktop\3_Sem\KPO_3sem\Code\lab_17_2\lab_17_2\Out.h(7,11): error C2143: синтаксическая ошибка: отсутствие ";" перед "*"
         (компиляция исходного файла "In.cpp")
         
     1>C:\Users\Manmade\Desktop\3_Sem\KPO_3sem\Code\lab_17_2\lab_17_2\Out.h(7,3): error C4430: отсутствует спецификатор типа - предполагается int. Примечание. C++ не поддерживает int по умолчанию
         (компиляция исходного файла "In.cpp")
         
     1>C:\Users\Manmade\Desktop\3_Sem\KPO_3sem\Code\lab_17_2\lab_17_2\Out.h(7,19): error C2238: непредвиденные лексемы перед ";"
         (компиляция исходного файла "In.cpp")
         
     1>C:\Users\Manmade\Desktop\3_Sem\KPO_3sem\Code\lab_17_2\lab_17_2\Out.h(9,33): error C2078: слишком много инициализаторов
         (компиляция исходного файла "In.cpp")
         
     1>C:\Users\Manmade\Desktop\3_Sem\KPO_3sem\Code\lab_17_2\lab_17_2\Log.h(7,11): error C2143: синтаксическая ошибка: отсутствие ";" перед "*"
         (компиляция исходного файла "In.cpp")
         
     1>C:\Users\Manmade\Desktop\3_Sem\KPO_3sem\Code\lab_17_2\lab_17_2\Log.h(7,3): error C4430: отсутствует спецификатор типа - предполагается int. Примечание. C++ не поддерживает int по умолчанию
         (компиляция исходного файла "In.cpp")
         
     1>C:\Users\Manmade\Desktop\3_Sem\KPO_3sem\Code\lab_17_2\lab_17_2\Log.h(7,19): error C2238: непредвиденные лексемы перед ";"
         (компиляция исходного файла "In.cpp")
         
     1>C:\Users\Manmade\Desktop\3_Sem\KPO_3sem\Code\lab_17_2\lab_17_2\Log.h(9,33): error C2078: слишком много инициализаторов
         (компиляция исходного файла "In.cpp")
         
         IT.cpp
     1>C:\Users\Manmade\Desktop\3_Sem\KPO_3sem\Code\lab_17_2\lab_17_2\In.h(29,10): warning C4067: непредвиденные лексемы за директивой препроцессора, требуется newline
         (компиляция исходного файла "IT.cpp")
         
     1>C:\Users\Manmade\Desktop\3_Sem\KPO_3sem\Code\lab_17_2\lab_17_2\Out.h(7,11): error C2143: синтаксическая ошибка: отсутствие ";" перед "*"
         (компиляция исходного файла "IT.cpp")
         
     1>C:\Users\Manmade\Desktop\3_Sem\KPO_3sem\Code\lab_17_2\lab_17_2\Out.h(7,3): error C4430: отсутствует спецификатор типа - предполагается int. Примечание. C++ не поддерживает int по умолчанию
         (компиляция исходного файла "IT.cpp")
         
     1>C:\Users\Manmade\Desktop\3_Sem\KPO_3sem\Code\lab_17_2\lab_17_2\Out.h(7,19): error C2238: непредвиденные лексемы перед ";"
         (компиляция исходного файла "IT.cpp")
         
     1>C:\Users\Manmade\Desktop\3_Sem\KPO_3sem\Code\lab_17_2\lab_17_2\Out.h(9,33): error C2078: слишком много инициализаторов
         (компиляция исходного файла "IT.cpp")
         
     1>C:\Users\Manmade\Desktop\3_Sem\KPO_3sem\Code\lab_17_2\lab_17_2\Log.h(7,11): error C2143: синтаксическая ошибка: отсутствие ";" перед "*"
         (компиляция исходного файла "IT.cpp")
         
     1>C:\Users\Manmade\Desktop\3_Sem\KPO_3sem\Code\lab_17_2\lab_17_2\Log.h(7,3): error C4430: отсутствует спецификатор типа - предполагается int. Примечание. C++ не поддерживает int по умолчанию
         (компиляция исходного файла "IT.cpp")
         
     1>C:\Users\Manmade\Desktop\3_Sem\KPO_3sem\Code\lab_17_2\lab_17_2\Log.h(7,19): error C2238: непредвиденные лексемы перед ";"
         (компиляция исходного файла "IT.cpp")
         
     1>C:\Users\Manmade\Desktop\3_Sem\KPO_3sem\Code\lab_17_2\lab_17_2\Log.h(9,33): error C2078: слишком много инициализаторов
         (компиляция исходного файла "IT.cpp")
         
     1>C:\Users\Manmade\Desktop\3_Sem\KPO_3sem\Code\lab_17_2\lab_17_2\Log.h(17,29): error C2653: IT: не является именем класса или пространства имен
         (компиляция исходного файла "IT.cpp")
         
     1>C:\Users\Manmade\Desktop\3_Sem\KPO_3sem\Code\lab_17_2\lab_17_2\Log.h(17,33): error C2061: синтаксическая ошибка: идентификатор "IDTable"
         (компиляция исходного файла "IT.cpp")
         
         lab_17_2.cpp
     1>C:\Users\Manmade\Desktop\3_Sem\KPO_3sem\Code\lab_17_2\lab_17_2\In.h(29,10): warning C4067: непредвиденные лексемы за директивой препроцессора, требуется newline
         (компиляция исходного файла "lab_17_2.cpp")
         
     1>C:\Users\Manmade\Desktop\3_Sem\KPO_3sem\Code\lab_17_2\lab_17_2\Out.h(7,11): error C2143: синтаксическая ошибка: отсутствие ";" перед "*"
         (компиляция исходного файла "lab_17_2.cpp")
         
     1>C:\Users\Manmade\Desktop\3_Sem\KPO_3sem\Code\lab_17_2\lab_17_2\Out.h(7,3): error C4430: отсутствует спецификатор типа - предполагается int. Примечание. C++ не поддерживает int по умолчанию
         (компиляция исходного файла "lab_17_2.cpp")
         
     1>C:\Users\Manmade\Desktop\3_Sem\KPO_3sem\Code\lab_17_2\lab_17_2\Out.h(7,19): error C2238: непредвиденные лексемы перед ";"
         (компиляция исходного файла "lab_17_2.cpp")
         
     1>C:\Users\Manmade\Desktop\3_Sem\KPO_3sem\Code\lab_17_2\lab_17_2\Out.h(9,33): error C2078: слишком много инициализаторов
         (компиляция исходного файла "lab_17_2.cpp")
         
     1>C:\Users\Manmade\Desktop\3_Sem\KPO_3sem\Code\lab_17_2\lab_17_2\Log.h(7,11): error C2143: синтаксическая ошибка: отсутствие ";" перед "*"
         (компиляция исходного файла "lab_17_2.cpp")
         
     1>C:\Users\Manmade\Desktop\3_Sem\KPO_3sem\Code\lab_17_2\lab_17_2\Log.h(7,3): error C4430: отсутствует спецификатор типа - предполагается int. Примечание. C++ не поддерживает int по умолчанию
         (компиляция исходного файла "lab_17_2.cpp")
         
     1>C:\Users\Manmade\Desktop\3_Sem\KPO_3sem\Code\lab_17_2\lab_17_2\Log.h(7,19): error C2238: непредвиденные лексемы перед ";"
         (компиляция исходного файла "lab_17_2.cpp")
         
     1>C:\Users\Manmade\Desktop\3_Sem\KPO_3sem\Code\lab_17_2\lab_17_2\Log.h(9,33): error C2078: слишком много инициализаторов
         (компиляция исходного файла "lab_17_2.cpp")
         
         Log.cpp
     1>C:\Users\Manmade\Desktop\3_Sem\KPO_3sem\Code\lab_17_2\lab_17_2\In.h(29,10): warning C4067: непредвиденные лексемы за директивой препроцессора, требуется newline
         (компиляция исходного файла "Log.cpp")
         
     1>C:\Users\Manmade\Desktop\3_Sem\KPO_3sem\Code\lab_17_2\lab_17_2\Out.h(7,11): error C2143: синтаксическая ошибка: отсутствие ";" перед "*"
         (компиляция исходного файла "Log.cpp")
         
     1>C:\Users\Manmade\Desktop\3_Sem\KPO_3sem\Code\lab_17_2\lab_17_2\Out.h(7,3): error C4430: отсутствует спецификатор типа - предполагается int. Примечание. C++ не поддерживает int по умолчанию
         (компиляция исходного файла "Log.cpp")
         
     1>C:\Users\Manmade\Desktop\3_Sem\KPO_3sem\Code\lab_17_2\lab_17_2\Out.h(7,19): error C2238: непредвиденные лексемы перед ";"
         (компиляция исходного файла "Log.cpp")
         
     1>C:\Users\Manmade\Desktop\3_Sem\KPO_3sem\Code\lab_17_2\lab_17_2\Out.h(9,33): error C2078: слишком много инициализаторов
         (компиляция исходного файла "Log.cpp")
         
     1>C:\Users\Manmade\Desktop\3_Sem\KPO_3sem\Code\lab_17_2\lab_17_2\Log.h(7,11): error C2143: синтаксическая ошибка: отсутствие ";" перед "*"
         (компиляция исходного файла "Log.cpp")
         
     1>C:\Users\Manmade\Desktop\3_Sem\KPO_3sem\Code\lab_17_2\lab_17_2\Log.h(7,3): error C4430: отсутствует спецификатор типа - предполагается int. Примечание. C++ не поддерживает int по умолчанию
         (компиляция исходного файла "Log.cpp")
         
     1>C:\Users\Manmade\Desktop\3_Sem\KPO_3sem\Code\lab_17_2\lab_17_2\Log.h(7,19): error C2238: непредвиденные лексемы перед ";"
         (компиляция исходного файла "Log.cpp")
         
     1>C:\Users\Manmade\Desktop\3_Sem\KPO_3sem\Code\lab_17_2\lab_17_2\Log.h(9,33): error C2078: слишком много инициализаторов
         (компиляция исходного файла "Log.cpp")
         
     1>C:\Users\Manmade\Desktop\3_Sem\KPO_3sem\Code\lab_17_2\lab_17_2\Log.cpp(9,17): error C2039: "stream": не является членом "LOG::Log".
             C:\Users\Manmade\Desktop\3_Sem\KPO_3sem\Code\lab_17_2\lab_17_2\Log.h(5,9):
              см. объявление "LOG::Log"
         
     1>C:\Users\Manmade\Desktop\3_Sem\KPO_3sem\Code\lab_17_2\lab_17_2\Log.cpp(10,17): error C2039: "stream": не является членом "LOG::Log".
             C:\Users\Manmade\Desktop\3_Sem\KPO_3sem\Code\lab_17_2\lab_17_2\Log.h(5,9):
              см. объявление "LOG::Log"
         
     1>C:\Users\Manmade\Desktop\3_Sem\KPO_3sem\Code\lab_17_2\lab_17_2\Log.cpp(12,22): error C2039: "stream": не является членом "LOG::Log".
             C:\Users\Manmade\Desktop\3_Sem\KPO_3sem\Code\lab_17_2\lab_17_2\Log.h(5,9):
              см. объявление "LOG::Log"
         
     1>C:\Users\Manmade\Desktop\3_Sem\KPO_3sem\Code\lab_17_2\lab_17_2\Log.cpp(24,9): error C2039: "stream": не является членом "LOG::Log".
             C:\Users\Manmade\Desktop\3_Sem\KPO_3sem\Code\lab_17_2\lab_17_2\Log.h(5,9):
              см. объявление "LOG::Log"
         
     1>C:\Users\Manmade\Desktop\3_Sem\KPO_3sem\Code\lab_17_2\lab_17_2\Log.cpp(27,8): error C2039: "stream": не является членом "LOG::Log".
             C:\Users\Manmade\Desktop\3_Sem\KPO_3sem\Code\lab_17_2\lab_17_2\Log.h(5,9):
              см. объявление "LOG::Log"
         
     1>C:\Users\Manmade\Desktop\3_Sem\KPO_3sem\Code\lab_17_2\lab_17_2\Log.cpp(40,8): error C2039: "stream": не является членом "LOG::Log".
             C:\Users\Manmade\Desktop\3_Sem\KPO_3sem\Code\lab_17_2\lab_17_2\Log.h(5,9):
              см. объявление "LOG::Log"
         
     1>C:\Users\Manmade\Desktop\3_Sem\KPO_3sem\Code\lab_17_2\lab_17_2\Log.cpp(49,8): error C2039: "stream": не является членом "LOG::Log".
             C:\Users\Manmade\Desktop\3_Sem\KPO_3sem\Code\lab_17_2\lab_17_2\Log.h(5,9):
              см. объявление "LOG::Log"
         
     1>C:\Users\Manmade\Desktop\3_Sem\KPO_3sem\Code\lab_17_2\lab_17_2\Log.cpp(53,8): error C2039: "stream": не является членом "LOG::Log".
             C:\Users\Manmade\Desktop\3_Sem\KPO_3sem\Code\lab_17_2\lab_17_2\Log.h(5,9):
              см. объявление "LOG::Log"
         
     1>C:\Users\Manmade\Desktop\3_Sem\KPO_3sem\Code\lab_17_2\lab_17_2\Log.cpp(57,8): error C2039: "stream": не является членом "LOG::Log".
             C:\Users\Manmade\Desktop\3_Sem\KPO_3sem\Code\lab_17_2\lab_17_2\Log.h(5,9):
              см. объявление "LOG::Log"
         
     1>C:\Users\Manmade\Desktop\3_Sem\KPO_3sem\Code\lab_17_2\lab_17_2\Log.cpp(59,8): error C2039: "stream": не является членом "LOG::Log".
             C:\Users\Manmade\Desktop\3_Sem\KPO_3sem\Code\lab_17_2\lab_17_2\Log.h(5,9):
              см. объявление "LOG::Log"
         
     1>C:\Users\Manmade\Desktop\3_Sem\KPO_3sem\Code\lab_17_2\lab_17_2\Log.cpp(61,8): error C2039: "stream": не является членом "LOG::Log".
             C:\Users\Manmade\Desktop\3_Sem\KPO_3sem\Code\lab_17_2\lab_17_2\Log.h(5,9):
              см. объявление "LOG::Log"
         
     1>C:\Users\Manmade\Desktop\3_Sem\KPO_3sem\Code\lab_17_2\lab_17_2\Log.cpp(65,8): error C2039: "stream": не является членом "LOG::Log".
             C:\Users\Manmade\Desktop\3_Sem\KPO_3sem\Code\lab_17_2\lab_17_2\Log.h(5,9):
              см. объявление "LOG::Log"
         
     1>C:\Users\Manmade\Desktop\3_Sem\KPO_3sem\Code\lab_17_2\lab_17_2\Log.cpp(66,8): error C2039: "stream": не является членом "LOG::Log".
             C:\Users\Manmade\Desktop\3_Sem\KPO_3sem\Code\lab_17_2\lab_17_2\Log.h(5,9):
              см. объявление "LOG::Log"
         
     1>C:\Users\Manmade\Desktop\3_Sem\KPO_3sem\Code\lab_17_2\lab_17_2\Log.cpp(67,8): error C2039: "stream": не является членом "LOG::Log".
             C:\Users\Manmade\Desktop\3_Sem\KPO_3sem\Code\lab_17_2\lab_17_2\Log.h(5,9):
              см. объявление "LOG::Log"
         
     1>C:\Users\Manmade\Desktop\3_Sem\KPO_3sem\Code\lab_17_2\lab_17_2\Log.cpp(68,8): error C2039: "stream": не является членом "LOG::Log".
             C:\Users\Manmade\Desktop\3_Sem\KPO_3sem\Code\lab_17_2\lab_17_2\Log.h(5,9):
              см. объявление "LOG::Log"
         
     1>C:\Users\Manmade\Desktop\3_Sem\KPO_3sem\Code\lab_17_2\lab_17_2\Log.cpp(69,8): error C2039: "stream": не является членом "LOG::Log".
             C:\Users\Manmade\Desktop\3_Sem\KPO_3sem\Code\lab_17_2\lab_17_2\Log.h(5,9):
              см. объявление "LOG::Log"
         
     1>C:\Users\Manmade\Desktop\3_Sem\KPO_3sem\Code\lab_17_2\lab_17_2\Log.cpp(73,8): error C2039: "stream": не является членом "LOG::Log".
             C:\Users\Manmade\Desktop\3_Sem\KPO_3sem\Code\lab_17_2\lab_17_2\Log.h(5,9):
              см. объявление "LOG::Log"
         
     1>C:\Users\Manmade\Desktop\3_Sem\KPO_3sem\Code\lab_17_2\lab_17_2\Log.cpp(76,9): error C2039: "stream": не является членом "LOG::Log".
             C:\Users\Manmade\Desktop\3_Sem\KPO_3sem\Code\lab_17_2\lab_17_2\Log.h(5,9):
              см. объявление "LOG::Log"
         
     1>C:\Users\Manmade\Desktop\3_Sem\KPO_3sem\Code\lab_17_2\lab_17_2\Log.cpp(78,8): error C2039: "stream": не является членом "LOG::Log".
             C:\Users\Manmade\Desktop\3_Sem\KPO_3sem\Code\lab_17_2\lab_17_2\Log.h(5,9):
              см. объявление "LOG::Log"
         
     1>C:\Users\Manmade\Desktop\3_Sem\KPO_3sem\Code\lab_17_2\lab_17_2\Log.cpp(82,8): error C2039: "stream": не является членом "LOG::Log".
             C:\Users\Manmade\Desktop\3_Sem\KPO_3sem\Code\lab_17_2\lab_17_2\Log.h(5,9):
              см. объявление "LOG::Log"
         
     1>C:\Users\Manmade\Desktop\3_Sem\KPO_3sem\Code\lab_17_2\lab_17_2\Log.cpp(85,9): error C2039: "stream": не является членом "LOG::Log".
             C:\Users\Manmade\Desktop\3_Sem\KPO_3sem\Code\lab_17_2\lab_17_2\Log.h(5,9):
              см. объявление "LOG::Log"
         
     1>C:\Users\Manmade\Desktop\3_Sem\KPO_3sem\Code\lab_17_2\lab_17_2\Log.cpp(87,8): error C2039: "stream": не является членом "LOG::Log".
             C:\Users\Manmade\Desktop\3_Sem\KPO_3sem\Code\lab_17_2\lab_17_2\Log.h(5,9):
              см. объявление "LOG::Log"
         
     1>C:\Users\Manmade\Desktop\3_Sem\KPO_3sem\Code\lab_17_2\lab_17_2\Log.cpp(91,8): error C2039: "stream": не является членом "LOG::Log".
             C:\Users\Manmade\Desktop\3_Sem\KPO_3sem\Code\lab_17_2\lab_17_2\Log.h(5,9):
              см. объявление "LOG::Log"
         
     1>C:\Users\Manmade\Desktop\3_Sem\KPO_3sem\Code\lab_17_2\lab_17_2\Log.cpp(92,8): error C2039: "stream": не является членом "LOG::Log".
             C:\Users\Manmade\Desktop\3_Sem\KPO_3sem\Code\lab_17_2\lab_17_2\Log.h(5,9):
              см. объявление "LOG::Log"
         
     1>C:\Users\Manmade\Desktop\3_Sem\KPO_3sem\Code\lab_17_2\lab_17_2\Log.cpp(94,9): error C2039: "stream": не является членом "LOG::Log".
             C:\Users\Manmade\Desktop\3_Sem\KPO_3sem\Code\lab_17_2\lab_17_2\Log.h(5,9):
              см. объявление "LOG::Log"
         
     1>C:\Users\Manmade\Desktop\3_Sem\KPO_3sem\Code\lab_17_2\lab_17_2\Log.cpp(99,7): error C2039: "stream": не является членом "LOG::Log".
             C:\Users\Manmade\Desktop\3_Sem\KPO_3sem\Code\lab_17_2\lab_17_2\Log.h(5,9):
              см. объявление "LOG::Log"
         
     1>C:\Users\Manmade\Desktop\3_Sem\KPO_3sem\Code\lab_17_2\lab_17_2\Log.cpp(100,14): error C2039: "stream": не является членом "LOG::Log".
             C:\Users\Manmade\Desktop\3_Sem\KPO_3sem\Code\lab_17_2\lab_17_2\Log.h(5,9):
              см. объявление "LOG::Log"
         
         LT.cpp
     1>C:\Users\Manmade\Desktop\3_Sem\KPO_3sem\Code\lab_17_2\lab_17_2\In.h(29,10): warning C4067: непредвиденные лексемы за директивой препроцессора, требуется newline
         (компиляция исходного файла "LT.cpp")
         
     1>C:\Users\Manmade\Desktop\3_Sem\KPO_3sem\Code\lab_17_2\lab_17_2\Out.h(7,11): error C2143: синтаксическая ошибка: отсутствие ";" перед "*"
         (компиляция исходного файла "LT.cpp")
         
     1>C:\Users\Manmade\Desktop\3_Sem\KPO_3sem\Code\lab_17_2\lab_17_2\Out.h(7,3): error C4430: отсутствует спецификатор типа - предполагается int. Примечание. C++ не поддерживает int по умолчанию
         (компиляция исходного файла "LT.cpp")
         
     1>C:\Users\Manmade\Desktop\3_Sem\KPO_3sem\Code\lab_17_2\lab_17_2\Out.h(7,19): error C2238: непредвиденные лексемы перед ";"
         (компиляция исходного файла "LT.cpp")
         
     1>C:\Users\Manmade\Desktop\3_Sem\KPO_3sem\Code\lab_17_2\lab_17_2\Out.h(9,33): error C2078: слишком много инициализаторов
         (компиляция исходного файла "LT.cpp")
         
     1>C:\Users\Manmade\Desktop\3_Sem\KPO_3sem\Code\lab_17_2\lab_17_2\Log.h(7,11): error C2143: синтаксическая ошибка: отсутствие ";" перед "*"
         (компиляция исходного файла "LT.cpp")
         
     1>C:\Users\Manmade\Desktop\3_Sem\KPO_3sem\Code\lab_17_2\lab_17_2\Log.h(7,3): error C4430: отсутствует спецификатор типа - предполагается int. Примечание. C++ не поддерживает int по умолчанию
         (компиляция исходного файла "LT.cpp")
         
     1>C:\Users\Manmade\Desktop\3_Sem\KPO_3sem\Code\lab_17_2\lab_17_2\Log.h(7,19): error C2238: непредвиденные лексемы перед ";"
         (компиляция исходного файла "LT.cpp")
         
     1>C:\Users\Manmade\Desktop\3_Sem\KPO_3sem\Code\lab_17_2\lab_17_2\Log.h(9,33): error C2078: слишком много инициализаторов
         (компиляция исходного файла "LT.cpp")
         
     1>C:\Users\Manmade\Desktop\3_Sem\KPO_3sem\Code\lab_17_2\lab_17_2\Log.h(16,30): error C2653: LT: не является именем класса или пространства имен
         (компиляция исходного файла "LT.cpp")
         
     1>C:\Users\Manmade\Desktop\3_Sem\KPO_3sem\Code\lab_17_2\lab_17_2\Log.h(16,34): error C2061: синтаксическая ошибка: идентификатор "LexTable"
         (компиляция исходного файла "LT.cpp")
         
         Out.cpp
     1>C:\Users\Manmade\Desktop\3_Sem\KPO_3sem\Code\lab_17_2\lab_17_2\In.h(29,10): warning C4067: непредвиденные лексемы за директивой препроцессора, требуется newline
         (компиляция исходного файла "Out.cpp")
         
     1>C:\Users\Manmade\Desktop\3_Sem\KPO_3sem\Code\lab_17_2\lab_17_2\Out.h(7,11): error C2143: синтаксическая ошибка: отсутствие ";" перед "*"
         (компиляция исходного файла "Out.cpp")
         
     1>C:\Users\Manmade\Desktop\3_Sem\KPO_3sem\Code\lab_17_2\lab_17_2\Out.h(7,3): error C4430: отсутствует спецификатор типа - предполагается int. Примечание. C++ не поддерживает int по умолчанию
         (компиляция исходного файла "Out.cpp")
         
     1>C:\Users\Manmade\Desktop\3_Sem\KPO_3sem\Code\lab_17_2\lab_17_2\Out.h(7,19): error C2238: непредвиденные лексемы перед ";"
         (компиляция исходного файла "Out.cpp")
         
     1>C:\Users\Manmade\Desktop\3_Sem\KPO_3sem\Code\lab_17_2\lab_17_2\Out.h(9,33): error C2078: слишком много инициализаторов
         (компиляция исходного файла "Out.cpp")
         
     1>C:\Users\Manmade\Desktop\3_Sem\KPO_3sem\Code\lab_17_2\lab_17_2\Log.h(7,11): error C2143: синтаксическая ошибка: отсутствие ";" перед "*"
         (компиляция исходного файла "Out.cpp")
         
     1>C:\Users\Manmade\Desktop\3_Sem\KPO_3sem\Code\lab_17_2\lab_17_2\Log.h(7,3): error C4430: отсутствует спецификатор типа - предполагается int. Примечание. C++ не поддерживает int по умолчанию
         (компиляция исходного файла "Out.cpp")
         
     1>C:\Users\Manmade\Desktop\3_Sem\KPO_3sem\Code\lab_17_2\lab_17_2\Log.h(7,19): error C2238: непредвиденные лексемы перед ";"
         (компиляция исходного файла "Out.cpp")
         
     1>C:\Users\Manmade\Desktop\3_Sem\KPO_3sem\Code\lab_17_2\lab_17_2\Log.h(9,33): error C2078: слишком много инициализаторов
         (компиляция исходного файла "Out.cpp")
         
     1>C:\Users\Manmade\Desktop\3_Sem\KPO_3sem\Code\lab_17_2\lab_17_2\Out.cpp(9,17): error C2039: "stream": не является членом "OUT::Out".
             C:\Users\Manmade\Desktop\3_Sem\KPO_3sem\Code\lab_17_2\lab_17_2\Out.h(5,9):
              см. объявление "OUT::Out"
         
     1>C:\Users\Manmade\Desktop\3_Sem\KPO_3sem\Code\lab_17_2\lab_17_2\Out.cpp(10,17): error C2039: "stream": не является членом "OUT::Out".
             C:\Users\Manmade\Desktop\3_Sem\KPO_3sem\Code\lab_17_2\lab_17_2\Out.h(5,9):
              см. объявление "OUT::Out"
         
     1>C:\Users\Manmade\Desktop\3_Sem\KPO_3sem\Code\lab_17_2\lab_17_2\Out.cpp(12,22): error C2039: "stream": не является членом "OUT::Out".
             C:\Users\Manmade\Desktop\3_Sem\KPO_3sem\Code\lab_17_2\lab_17_2\Out.h(5,9):
              см. объявление "OUT::Out"
         
     1>C:\Users\Manmade\Desktop\3_Sem\KPO_3sem\Code\lab_17_2\lab_17_2\Out.cpp(38,8): error C2039: "stream": не является членом "OUT::Out".
             C:\Users\Manmade\Desktop\3_Sem\KPO_3sem\Code\lab_17_2\lab_17_2\Out.h(5,9):
              см. объявление "OUT::Out"
         
     1>C:\Users\Manmade\Desktop\3_Sem\KPO_3sem\Code\lab_17_2\lab_17_2\Out.cpp(40,9): error C2039: "stream": не является членом "OUT::Out".
             C:\Users\Manmade\Desktop\3_Sem\KPO_3sem\Code\lab_17_2\lab_17_2\Out.h(5,9):
              см. объявление "OUT::Out"
         
     1>C:\Users\Manmade\Desktop\3_Sem\KPO_3sem\Code\lab_17_2\lab_17_2\Out.cpp(49,7): error C2039: "stream": не является членом "OUT::Out".
             C:\Users\Manmade\Desktop\3_Sem\KPO_3sem\Code\lab_17_2\lab_17_2\Out.h(5,9):
              см. объявление "OUT::Out"
         
     1>C:\Users\Manmade\Desktop\3_Sem\KPO_3sem\Code\lab_17_2\lab_17_2\Out.cpp(50,14): error C2039: "stream": не является членом "OUT::Out".
             C:\Users\Manmade\Desktop\3_Sem\KPO_3sem\Code\lab_17_2\lab_17_2\Out.h(5,9):
              см. объявление "OUT::Out"
         
         Parm.cpp
     1>C:\Users\Manmade\Desktop\3_Sem\KPO_3sem\Code\lab_17_2\lab_17_2\In.h(29,10): warning C4067: непредвиденные лексемы за директивой препроцессора, требуется newline
         (компиляция исходного файла "Parm.cpp")
         
     1>C:\Users\Manmade\Desktop\3_Sem\KPO_3sem\Code\lab_17_2\lab_17_2\Out.h(7,11): error C2143: синтаксическая ошибка: отсутствие ";" перед "*"
         (компиляция исходного файла "Parm.cpp")
         
     1>C:\Users\Manmade\Desktop\3_Sem\KPO_3sem\Code\lab_17_2\lab_17_2\Out.h(7,3): error C4430: отсутствует спецификатор типа - предполагается int. Примечание. C++ не поддерживает int по умолчанию
         (компиляция исходного файла "Parm.cpp")
         
     1>C:\Users\Manmade\Desktop\3_Sem\KPO_3sem\Code\lab_17_2\lab_17_2\Out.h(7,19): error C2238: непредвиденные лексемы перед ";"
         (компиляция исходного файла "Parm.cpp")
         
     1>C:\Users\Manmade\Desktop\3_Sem\KPO_3sem\Code\lab_17_2\lab_17_2\Out.h(9,33): error C2078: слишком много инициализаторов
         (компиляция исходного файла "Parm.cpp")
         
     1>C:\Users\Manmade\Desktop\3_Sem\KPO_3sem\Code\lab_17_2\lab_17_2\Log.h(7,11): error C2143: синтаксическая ошибка: отсутствие ";" перед "*"
         (компиляция исходного файла "Parm.cpp")
         
     1>C:\Users\Manmade\Desktop\3_Sem\KPO_3sem\Code\lab_17_2\lab_17_2\Log.h(7,3): error C4430: отсутствует спецификатор типа - предполагается int. Примечание. C++ не поддерживает int по умолчанию
         (компиляция исходного файла "Parm.cpp")
         
     1>C:\Users\Manmade\Desktop\3_Sem\KPO_3sem\Code\lab_17_2\lab_17_2\Log.h(7,19): error C2238: непредвиденные лексемы перед ";"
         (компиляция исходного файла "Parm.cpp")
         
     1>C:\Users\Manmade\Desktop\3_Sem\KPO_3sem\Code\lab_17_2\lab_17_2\Log.h(9,33): error C2078: слишком много инициализаторов
         (компиляция исходного файла "Parm.cpp")
         
         Создание кода...
     1>Сборка проекта "C:\Users\Manmade\Desktop\3_Sem\KPO_3sem\Code\lab_17_2\lab_17_2\lab_17_2.vcxproj" завершена (целевые объекты Build) с ошибкой.

Ошибка сборки.

       "C:\Users\Manmade\Desktop\3_Sem\KPO_3sem\Code\lab_17_2\lab_17_2\lab_17_2.vcxproj" (целевой объект Build ) (1) ->
       (Целевой объект ClCompile) -> 
         C:\Users\Manmade\Desktop\3_Sem\KPO_3sem\Code\lab_17_2\lab_17_2\In.h(29,10): warning C4067: непредвиденные лексемы за директивой препроцессора, требуется newline
         C:\Users\Manmade\Desktop\3_Sem\KPO_3sem\Code\lab_17_2\lab_17_2\In.h(29,10): warning C4067: непредвиденные лексемы за директивой препроцессора, требуется newline
         C:\Users\Manmade\Desktop\3_Sem\KPO_3sem\Code\lab_17_2\lab_17_2\In.h(29,10): warning C4067: непредвиденные лексемы за директивой препроцессора, требуется newline
         C:\Users\Manmade\Desktop\3_Sem\KPO_3sem\Code\lab_17_2\lab_17_2\In.h(29,10): warning C4067: непредвиденные лексемы за директивой препроцессора, требуется newline
         C:\Users\Manmade\Desktop\3_Sem\KPO_3sem\Code\lab_17_2\lab_17_2\In.h(29,10): warning C4067: непредвиденные лексемы за директивой препроцессора, требуется newline
         C:\Users\Manmade\Desktop\3_Sem\KPO_3sem\Code\lab_17_2\lab_17_2\In.h(29,10): warning C4067: непредвиденные лексемы за директивой препроцессора, требуется newline
         C:\Users\Manmade\Desktop\3_Sem\KPO_3sem\Code\lab_17_2\lab_17_2\In.h(29,10): warning C4067: непредвиденные лексемы за директивой препроцессора, требуется newline
         C:\Users\Manmade\Desktop\3_Sem\KPO_3sem\Code\lab_17_2\lab_17_2\In.h(29,10): warning C4067: непредвиденные лексемы за директивой препроцессора, требуется newline


       "C:\Users\Manmade\Desktop\3_Sem\KPO_3sem\Code\lab_17_2\lab_17_2\lab_17_2.vcxproj" (целевой объект Build ) (1) ->
       (Целевой объект ClCompile) -> 
         C:\Users\Manmade\Desktop\3_Sem\KPO_3sem\Code\lab_17_2\lab_17_2\Out.h(7,11): error C2143: синтаксическая ошибка: отсутствие ";" перед "*"
         C:\Users\Manmade\Desktop\3_Sem\KPO_3sem\Code\lab_17_2\lab_17_2\Out.h(7,3): error C4430: отсутствует спецификатор типа - предполагается int. Примечание. C++ не поддерживает int по умолчанию
         C:\Users\Manmade\Desktop\3_Sem\KPO_3sem\Code\lab_17_2\lab_17_2\Out.h(7,19): error C2238: непредвиденные лексемы перед ";"
         C:\Users\Manmade\Desktop\3_Sem\KPO_3sem\Code\lab_17_2\lab_17_2\Out.h(9,33): error C2078: слишком много инициализаторов
         C:\Users\Manmade\Desktop\3_Sem\KPO_3sem\Code\lab_17_2\lab_17_2\Log.h(7,11): error C2143: синтаксическая ошибка: отсутствие ";" перед "*"
         C:\Users\Manmade\Desktop\3_Sem\KPO_3sem\Code\lab_17_2\lab_17_2\Log.h(7,3): error C4430: отсутствует спецификатор типа - предполагается int. Примечание. C++ не поддерживает int по умолчанию
         C:\Users\Manmade\Desktop\3_Sem\KPO_3sem\Code\lab_17_2\lab_17_2\Log.h(7,19): error C2238: непредвиденные лексемы перед ";"
         C:\Users\Manmade\Desktop\3_Sem\KPO_3sem\Code\lab_17_2\lab_17_2\Log.h(9,33): error C2078: слишком много инициализаторов
         C:\Users\Manmade\Desktop\3_Sem\KPO_3sem\Code\lab_17_2\lab_17_2\Out.h(7,11): error C2143: синтаксическая ошибка: отсутствие ";" перед "*"
         C:\Users\Manmade\Desktop\3_Sem\KPO_3sem\Code\lab_17_2\lab_17_2\Out.h(7,3): error C4430: отсутствует спецификатор типа - предполагается int. Примечание. C++ не поддерживает int по умолчанию
         C:\Users\Manmade\Desktop\3_Sem\KPO_3sem\Code\lab_17_2\lab_17_2\Out.h(7,19): error C2238: непредвиденные лексемы перед ";"
         C:\Users\Manmade\Desktop\3_Sem\KPO_3sem\Code\lab_17_2\lab_17_2\Out.h(9,33): error C2078: слишком много инициализаторов
         C:\Users\Manmade\Desktop\3_Sem\KPO_3sem\Code\lab_17_2\lab_17_2\Log.h(7,11): error C2143: синтаксическая ошибка: отсутствие ";" перед "*"
         C:\Users\Manmade\Desktop\3_Sem\KPO_3sem\Code\lab_17_2\lab_17_2\Log.h(7,3): error C4430: отсутствует спецификатор типа - предполагается int. Примечание. C++ не поддерживает int по умолчанию
         C:\Users\Manmade\Desktop\3_Sem\KPO_3sem\Code\lab_17_2\lab_17_2\Log.h(7,19): error C2238: непредвиденные лексемы перед ";"
         C:\Users\Manmade\Desktop\3_Sem\KPO_3sem\Code\lab_17_2\lab_17_2\Log.h(9,33): error C2078: слишком много инициализаторов
         C:\Users\Manmade\Desktop\3_Sem\KPO_3sem\Code\lab_17_2\lab_17_2\Out.h(7,11): error C2143: синтаксическая ошибка: отсутствие ";" перед "*"
         C:\Users\Manmade\Desktop\3_Sem\KPO_3sem\Code\lab_17_2\lab_17_2\Out.h(7,3): error C4430: отсутствует спецификатор типа - предполагается int. Примечание. C++ не поддерживает int по умолчанию
         C:\Users\Manmade\Desktop\3_Sem\KPO_3sem\Code\lab_17_2\lab_17_2\Out.h(7,19): error C2238: непредвиденные лексемы перед ";"
         C:\Users\Manmade\Desktop\3_Sem\KPO_3sem\Code\lab_17_2\lab_17_2\Out.h(9,33): error C2078: слишком много инициализаторов
         C:\Users\Manmade\Desktop\3_Sem\KPO_3sem\Code\lab_17_2\lab_17_2\Log.h(7,11): error C2143: синтаксическая ошибка: отсутствие ";" перед "*"
         C:\Users\Manmade\Desktop\3_Sem\KPO_3sem\Code\lab_17_2\lab_17_2\Log.h(7,3): error C4430: отсутствует спецификатор типа - предполагается int. Примечание. C++ не поддерживает int по умолчанию
         C:\Users\Manmade\Desktop\3_Sem\KPO_3sem\Code\lab_17_2\lab_17_2\Log.h(7,19): error C2238: непредвиденные лексемы перед ";"
         C:\Users\Manmade\Desktop\3_Sem\KPO_3sem\Code\lab_17_2\lab_17_2\Log.h(9,33): error C2078: слишком много инициализаторов
         C:\Users\Manmade\Desktop\3_Sem\KPO_3sem\Code\lab_17_2\lab_17_2\Log.h(17,29): error C2653: IT: не является именем класса или пространства имен
         C:\Users\Manmade\Desktop\3_Sem\KPO_3sem\Code\lab_17_2\lab_17_2\Log.h(17,33): error C2061: синтаксическая ошибка: идентификатор "IDTable"
         C:\Users\Manmade\Desktop\3_Sem\KPO_3sem\Code\lab_17_2\lab_17_2\Out.h(7,11): error C2143: синтаксическая ошибка: отсутствие ";" перед "*"
         C:\Users\Manmade\Desktop\3_Sem\KPO_3sem\Code\lab_17_2\lab_17_2\Out.h(7,3): error C4430: отсутствует спецификатор типа - предполагается int. Примечание. C++ не поддерживает int по умолчанию
         C:\Users\Manmade\Desktop\3_Sem\KPO_3sem\Code\lab_17_2\lab_17_2\Out.h(7,19): error C2238: непредвиденные лексемы перед ";"
         C:\Users\Manmade\Desktop\3_Sem\KPO_3sem\Code\lab_17_2\lab_17_2\Out.h(9,33): error C2078: слишком много инициализаторов
         C:\Users\Manmade\Desktop\3_Sem\KPO_3sem\Code\lab_17_2\lab_17_2\Log.h(7,11): error C2143: синтаксическая ошибка: отсутствие ";" перед "*"
         C:\Users\Manmade\Desktop\3_Sem\KPO_3sem\Code\lab_17_2\lab_17_2\Log.h(7,3): error C4430: отсутствует спецификатор типа - предполагается int. Примечание. C++ не поддерживает int по умолчанию
         C:\Users\Manmade\Desktop\3_Sem\KPO_3sem\Code\lab_17_2\lab_17_2\Log.h(7,19): error C2238: непредвиденные лексемы перед ";"
         C:\Users\Manmade\Desktop\3_Sem\KPO_3sem\Code\lab_17_2\lab_17_2\Log.h(9,33): error C2078: слишком много инициализаторов
         C:\Users\Manmade\Desktop\3_Sem\KPO_3sem\Code\lab_17_2\lab_17_2\Out.h(7,11): error C2143: синтаксическая ошибка: отсутствие ";" перед "*"
         C:\Users\Manmade\Desktop\3_Sem\KPO_3sem\Code\lab_17_2\lab_17_2\Out.h(7,3): error C4430: отсутствует спецификатор типа - предполагается int. Примечание. C++ не поддерживает int по умолчанию
         C:\Users\Manmade\Desktop\3_Sem\KPO_3sem\Code\lab_17_2\lab_17_2\Out.h(7,19): error C2238: непредвиденные лексемы перед ";"
         C:\Users\Manmade\Desktop\3_Sem\KPO_3sem\Code\lab_17_2\lab_17_2\Out.h(9,33): error C2078: слишком много инициализаторов
         C:\Users\Manmade\Desktop\3_Sem\KPO_3sem\Code\lab_17_2\lab_17_2\Log.h(7,11): error C2143: синтаксическая ошибка: отсутствие ";" перед "*"
         C:\Users\Manmade\Desktop\3_Sem\KPO_3sem\Code\lab_17_2\lab_17_2\Log.h(7,3): error C4430: отсутствует спецификатор типа - предполагается int. Примечание. C++ не поддерживает int по умолчанию
         C:\Users\Manmade\Desktop\3_Sem\KPO_3sem\Code\lab_17_2\lab_17_2\Log.h(7,19): error C2238: непредвиденные лексемы перед ";"
         C:\Users\Manmade\Desktop\3_Sem\KPO_3sem\Code\lab_17_2\lab_17_2\Log.h(9,33): error C2078: слишком много инициализаторов
         C:\Users\Manmade\Desktop\3_Sem\KPO_3sem\Code\lab_17_2\lab_17_2\Log.cpp(9,17): error C2039: "stream": не является членом "LOG::Log".
         C:\Users\Manmade\Desktop\3_Sem\KPO_3sem\Code\lab_17_2\lab_17_2\Log.cpp(10,17): error C2039: "stream": не является членом "LOG::Log".
         C:\Users\Manmade\Desktop\3_Sem\KPO_3sem\Code\lab_17_2\lab_17_2\Log.cpp(12,22): error C2039: "stream": не является членом "LOG::Log".
         C:\Users\Manmade\Desktop\3_Sem\KPO_3sem\Code\lab_17_2\lab_17_2\Log.cpp(24,9): error C2039: "stream": не является членом "LOG::Log".
         C:\Users\Manmade\Desktop\3_Sem\KPO_3sem\Code\lab_17_2\lab_17_2\Log.cpp(27,8): error C2039: "stream": не является членом "LOG::Log".
         C:\Users\Manmade\Desktop\3_Sem\KPO_3sem\Code\lab_17_2\lab_17_2\Log.cpp(40,8): error C2039: "stream": не является членом "LOG::Log".
         C:\Users\Manmade\Desktop\3_Sem\KPO_3sem\Code\lab_17_2\lab_17_2\Log.cpp(49,8): error C2039: "stream": не является членом "LOG::Log".
         C:\Users\Manmade\Desktop\3_Sem\KPO_3sem\Code\lab_17_2\lab_17_2\Log.cpp(53,8): error C2039: "stream": не является членом "LOG::Log".
         C:\Users\Manmade\Desktop\3_Sem\KPO_3sem\Code\lab_17_2\lab_17_2\Log.cpp(57,8): error C2039: "stream": не является членом "LOG::Log".
         C:\Users\Manmade\Desktop\3_Sem\KPO_3sem\Code\lab_17_2\lab_17_2\Log.cpp(59,8): error C2039: "stream": не является членом "LOG::Log".
         C:\Users\Manmade\Desktop\3_Sem\KPO_3sem\Code\lab_17_2\lab_17_2\Log.cpp(61,8): error C2039: "stream": не является членом "LOG::Log".
         C:\Users\Manmade\Desktop\3_Sem\KPO_3sem\Code\lab_17_2\lab_17_2\Log.cpp(65,8): error C2039: "stream": не является членом "LOG::Log".
         C:\Users\Manmade\Desktop\3_Sem\KPO_3sem\Code\lab_17_2\lab_17_2\Log.cpp(66,8): error C2039: "stream": не является членом "LOG::Log".
         C:\Users\Manmade\Desktop\3_Sem\KPO_3sem\Code\lab_17_2\lab_17_2\Log.cpp(67,8): error C2039: "stream": не является членом "LOG::Log".
         C:\Users\Manmade\Desktop\3_Sem\KPO_3sem\Code\lab_17_2\lab_17_2\Log.cpp(68,8): error C2039: "stream": не является членом "LOG::Log".
         C:\Users\Manmade\Desktop\3_Sem\KPO_3sem\Code\lab_17_2\lab_17_2\Log.cpp(69,8): error C2039: "stream": не является членом "LOG::Log".
         C:\Users\Manmade\Desktop\3_Sem\KPO_3sem\Code\lab_17_2\lab_17_2\Log.cpp(73,8): error C2039: "stream": не является членом "LOG::Log".
         C:\Users\Manmade\Desktop\3_Sem\KPO_3sem\Code\lab_17_2\lab_17_2\Log.cpp(76,9): error C2039: "stream": не является членом "LOG::Log".
         C:\Users\Manmade\Desktop\3_Sem\KPO_3sem\Code\lab_17_2\lab_17_2\Log.cpp(78,8): error C2039: "stream": не является членом "LOG::Log".
         C:\Users\Manmade\Desktop\3_Sem\KPO_3sem\Code\lab_17_2\lab_17_2\Log.cpp(82,8): error C2039: "stream": не является членом "LOG::Log".
         C:\Users\Manmade\Desktop\3_Sem\KPO_3sem\Code\lab_17_2\lab_17_2\Log.cpp(85,9): error C2039: "stream": не является членом "LOG::Log".
         C:\Users\Manmade\Desktop\3_Sem\KPO_3sem\Code\lab_17_2\lab_17_2\Log.cpp(87,8): error C2039: "stream": не является членом "LOG::Log".
         C:\Users\Manmade\Desktop\3_Sem\KPO_3sem\Code\lab_17_2\lab_17_2\Log.cpp(91,8): error C2039: "stream": не является членом "LOG::Log".
         C:\Users\Manmade\Desktop\3_Sem\KPO_3sem\Code\lab_17_2\lab_17_2\Log.cpp(92,8): error C2039: "stream": не является членом "LOG::Log".
         C:\Users\Manmade\Desktop\3_Sem\KPO_3sem\Code\lab_17_2\lab_17_2\Log.cpp(94,9): error C2039: "stream": не является членом "LOG::Log".
         C:\Users\Manmade\Desktop\3_Sem\KPO_3sem\Code\lab_17_2\lab_17_2\Log.cpp(99,7): error C2039: "stream": не является членом "LOG::Log".
         C:\Users\Manmade\Desktop\3_Sem\KPO_3sem\Code\lab_17_2\lab_17_2\Log.cpp(100,14): error C2039: "stream": не является членом "LOG::Log".
         C:\Users\Manmade\Desktop\3_Sem\KPO_3sem\Code\lab_17_2\lab_17_2\Out.h(7,11): error C2143: синтаксическая ошибка: отсутствие ";" перед "*"
         C:\Users\Manmade\Desktop\3_Sem\KPO_3sem\Code\lab_17_2\lab_17_2\Out.h(7,3): error C4430: отсутствует спецификатор типа - предполагается int. Примечание. C++ не поддерживает int по умолчанию
         C:\Users\Manmade\Desktop\3_Sem\KPO_3sem\Code\lab_17_2\lab_17_2\Out.h(7,19): error C2238: непредвиденные лексемы перед ";"
         C:\Users\Manmade\Desktop\3_Sem\KPO_3sem\Code\lab_17_2\lab_17_2\Out.h(9,33): error C2078: слишком много инициализаторов
         C:\Users\Manmade\Desktop\3_Sem\KPO_3sem\Code\lab_17_2\lab_17_2\Log.h(7,11): error C2143: синтаксическая ошибка: отсутствие ";" перед "*"
         C:\Users\Manmade\Desktop\3_Sem\KPO_3sem\Code\lab_17_2\lab_17_2\Log.h(7,3): error C4430: отсутствует спецификатор типа - предполагается int. Примечание. C++ не поддерживает int по умолчанию
         C:\Users\Manmade\Desktop\3_Sem\KPO_3sem\Code\lab_17_2\lab_17_2\Log.h(7,19): error C2238: непредвиденные лексемы перед ";"
         C:\Users\Manmade\Desktop\3_Sem\KPO_3sem\Code\lab_17_2\lab_17_2\Log.h(9,33): error C2078: слишком много инициализаторов
         C:\Users\Manmade\Desktop\3_Sem\KPO_3sem\Code\lab_17_2\lab_17_2\Log.h(16,30): error C2653: LT: не является именем класса или пространства имен
         C:\Users\Manmade\Desktop\3_Sem\KPO_3sem\Code\lab_17_2\lab_17_2\Log.h(16,34): error C2061: синтаксическая ошибка: идентификатор "LexTable"
         C:\Users\Manmade\Desktop\3_Sem\KPO_3sem\Code\lab_17_2\lab_17_2\Out.h(7,11): error C2143: синтаксическая ошибка: отсутствие ";" перед "*"
         C:\Users\Manmade\Desktop\3_Sem\KPO_3sem\Code\lab_17_2\lab_17_2\Out.h(7,3): error C4430: отсутствует спецификатор типа - предполагается int. Примечание. C++ не поддерживает int по умолчанию
         C:\Users\Manmade\Desktop\3_Sem\KPO_3sem\Code\lab_17_2\lab_17_2\Out.h(7,19): error C2238: непредвиденные лексемы перед ";"
         C:\Users\Manmade\Desktop\3_Sem\KPO_3sem\Code\lab_17_2\lab_17_2\Out.h(9,33): error C2078: слишком много инициализаторов
         C:\Users\Manmade\Desktop\3_Sem\KPO_3sem\Code\lab_17_2\lab_17_2\Log.h(7,11): error C2143: синтаксическая ошибка: отсутствие ";" перед "*"
         C:\Users\Manmade\Desktop\3_Sem\KPO_3sem\Code\lab_17_2\lab_17_2\Log.h(7,3): error C4430: отсутствует спецификатор типа - предполагается int. Примечание. C++ не поддерживает int по умолчанию
         C:\Users\Manmade\Desktop\3_Sem\KPO_3sem\Code\lab_17_2\lab_17_2\Log.h(7,19): error C2238: непредвиденные лексемы перед ";"
         C:\Users\Manmade\Desktop\3_Sem\KPO_3sem\Code\lab_17_2\lab_17_2\Log.h(9,33): error C2078: слишком много инициализаторов
         C:\Users\Manmade\Desktop\3_Sem\KPO_3sem\Code\lab_17_2\lab_17_2\Out.cpp(9,17): error C2039: "stream": не является членом "OUT::Out".
         C:\Users\Manmade\Desktop\3_Sem\KPO_3sem\Code\lab_17_2\lab_17_2\Out.cpp(10,17): error C2039: "stream": не является членом "OUT::Out".
         C:\Users\Manmade\Desktop\3_Sem\KPO_3sem\Code\lab_17_2\lab_17_2\Out.cpp(12,22): error C2039: "stream": не является членом "OUT::Out".
         C:\Users\Manmade\Desktop\3_Sem\KPO_3sem\Code\lab_17_2\lab_17_2\Out.cpp(38,8): error C2039: "stream": не является членом "OUT::Out".
         C:\Users\Manmade\Desktop\3_Sem\KPO_3sem\Code\lab_17_2\lab_17_2\Out.cpp(40,9): error C2039: "stream": не является членом "OUT::Out".
         C:\Users\Manmade\Desktop\3_Sem\KPO_3sem\Code\lab_17_2\lab_17_2\Out.cpp(49,7): error C2039: "stream": не является членом "OUT::Out".
         C:\Users\Manmade\Desktop\3_Sem\KPO_3sem\Code\lab_17_2\lab_17_2\Out.cpp(50,14): error C2039: "stream": не является членом "OUT::Out".
         C:\Users\Manmade\Desktop\3_Sem\KPO_3sem\Code\lab_17_2\lab_17_2\Out.h(7,11): error C2143: синтаксическая ошибка: отсутствие ";" перед "*"
         C:\Users\Manmade\Desktop\3_Sem\KPO_3sem\Code\lab_17_2\lab_17_2\Out.h(7,3): error C4430: отсутствует спецификатор типа - предполагается int. Примечание. C++ не поддерживает int по умолчанию
         C:\Users\Manmade\Desktop\3_Sem\KPO_3sem\Code\lab_17_2\lab_17_2\Out.h(7,19): error C2238: непредвиденные лексемы перед ";"
         C:\Users\Manmade\Desktop\3_Sem\KPO_3sem\Code\lab_17_2\lab_17_2\Out.h(9,33): error C2078: слишком много инициализаторов
         C:\Users\Manmade\Desktop\3_Sem\KPO_3sem\Code\lab_17_2\lab_17_2\Log.h(7,11): error C2143: синтаксическая ошибка: отсутствие ";" перед "*"
         C:\Users\Manmade\Desktop\3_Sem\KPO_3sem\Code\lab_17_2\lab_17_2\Log.h(7,3): error C4430: отсутствует спецификатор типа - предполагается int. Примечание. C++ не поддерживает int по умолчанию
         C:\Users\Manmade\Desktop\3_Sem\KPO_3sem\Code\lab_17_2\lab_17_2\Log.h(7,19): error C2238: непредвиденные лексемы перед ";"
         C:\Users\Manmade\Desktop\3_Sem\KPO_3sem\Code\lab_17_2\lab_17_2\Log.h(9,33): error C2078: слишком много инициализаторов

    Предупреждений: 8
    Ошибок: 102

Прошло времени 00:00:03.66
